[ 2016-08-26T11:31:07+08:00 ] ::1 /index.php?m=admin&c=login
INFO: [ app_init ] --START--
INFO: Run Behavior\BuildLiteBehavior [ RunTime:0.000018s ]
INFO: [ app_init ] --END-- [ RunTime:0.000990s ]
INFO: [ app_begin ] --START--
INFO: Run Behavior\ReadHtmlCacheBehavior [ RunTime:0.001407s ]
INFO: [ app_begin ] --END-- [ RunTime:0.001497s ]
INFO: [ view_parse ] --START--
INFO: [ template_filter ] --START--
INFO: Run Behavior\ContentReplaceBehavior [ RunTime:0.002949s ]
INFO: [ template_filter ] --END-- [ RunTime:0.003056s ]
INFO: Run Behavior\ParseTemplateBehavior [ RunTime:0.175449s ]
INFO: [ view_parse ] --END-- [ RunTime:0.175560s ]
INFO: [ view_filter ] --START--
INFO: Run Behavior\WriteHtmlCacheBehavior [ RunTime:0.008436s ]
INFO: [ view_filter ] --END-- [ RunTime:0.008500s ]
INFO: [ app_end ] --START--
INFO: Run Behavior\ShowPageTraceBehavior [ RunTime:0.009582s ]
INFO: [ app_end ] --END-- [ RunTime:0.009649s ]

[ 2016-08-26T11:31:07+08:00 ] ::1 /index.php?m=admin&c=login
INFO: [ app_init ] --START--
INFO: Run Behavior\BuildLiteBehavior [ RunTime:0.000020s ]
INFO: [ app_init ] --END-- [ RunTime:0.033207s ]
INFO: [ app_begin ] --START--
INFO: Run Behavior\ReadHtmlCacheBehavior [ RunTime:0.001114s ]
INFO: [ app_begin ] --END-- [ RunTime:0.001189s ]
INFO: [ view_parse ] --START--
INFO: [ template_filter ] --START--
INFO: Run Behavior\ContentReplaceBehavior [ RunTime:0.000035s ]
INFO: [ template_filter ] --END-- [ RunTime:0.000080s ]
INFO: Run Behavior\ParseTemplateBehavior [ RunTime:0.006944s ]
INFO: [ view_parse ] --END-- [ RunTime:0.007016s ]
INFO: [ view_filter ] --START--
INFO: Run Behavior\WriteHtmlCacheBehavior [ RunTime:0.000828s ]
INFO: [ view_filter ] --END-- [ RunTime:0.000887s ]
INFO: [ app_end ] --START--
INFO: Run Behavior\ShowPageTraceBehavior [ RunTime:0.001404s ]
INFO: [ app_end ] --END-- [ RunTime:0.001476s ]

[ 2016-08-26T11:31:14+08:00 ] ::1 /admin.php?c=login&a=check
INFO: [ app_init ] --START--
INFO: Run Behavior\BuildLiteBehavior [ RunTime:0.000013s ]
INFO: [ app_init ] --END-- [ RunTime:0.000674s ]
INFO: [ app_begin ] --START--
INFO: Run Behavior\ReadHtmlCacheBehavior [ RunTime:0.001182s ]
INFO: [ app_begin ] --END-- [ RunTime:0.001250s ]
ERR: SQLSTATE[HY000] [2002] ÓÉÓÚÄ¿±ê¼ÆËã»ú»ý¼«¾Ü¾ø£¬ÎÞ·¨Á¬½Ó¡£


[ 2016-08-26T11:31:25+08:00 ] ::1 /admin.php?c=login&a=check
INFO: [ app_init ] --START--
INFO: Run Behavior\BuildLiteBehavior [ RunTime:0.000012s ]
INFO: [ app_init ] --END-- [ RunTime:0.000627s ]
INFO: [ app_begin ] --START--
INFO: Run Behavior\ReadHtmlCacheBehavior [ RunTime:0.000685s ]
INFO: [ app_begin ] --END-- [ RunTime:0.000732s ]
ERR: SQLSTATE[HY000] [2002] ÓÉÓÚÄ¿±ê¼ÆËã»ú»ý¼«¾Ü¾ø£¬ÎÞ·¨Á¬½Ó¡£


[ 2016-08-26T11:32:03+08:00 ] ::1 /admin.php?c=login&a=check
INFO: [ app_init ] --START--
INFO: Run Behavior\BuildLiteBehavior [ RunTime:0.000012s ]
INFO: [ app_init ] --END-- [ RunTime:0.000686s ]
INFO: [ app_begin ] --START--
INFO: Run Behavior\ReadHtmlCacheBehavior [ RunTime:0.000722s ]
INFO: [ app_begin ] --END-- [ RunTime:0.000773s ]

[ 2016-08-26T11:34:58+08:00 ] ::1 /index.php?m=admin&c=login
INFO: [ app_init ] --START--
INFO: Run Behavior\BuildLiteBehavior [ RunTime:0.000011s ]
INFO: [ app_init ] --END-- [ RunTime:0.000724s ]
INFO: [ app_begin ] --START--
INFO: Run Behavior\ReadHtmlCacheBehavior [ RunTime:0.000866s ]
INFO: [ app_begin ] --END-- [ RunTime:0.000912s ]
INFO: [ view_parse ] --START--
INFO: [ template_filter ] --START--
INFO: Run Behavior\ContentReplaceBehavior [ RunTime:0.000038s ]
INFO: [ template_filter ] --END-- [ RunTime:0.000082s ]
INFO: Run Behavior\ParseTemplateBehavior [ RunTime:0.006802s ]
INFO: [ view_parse ] --END-- [ RunTime:0.006857s ]
INFO: [ view_filter ] --START--
INFO: Run Behavior\WriteHtmlCacheBehavior [ RunTime:0.000729s ]
INFO: [ view_filter ] --END-- [ RunTime:0.000763s ]
INFO: [ app_end ] --START--
INFO: Run Behavior\ShowPageTraceBehavior [ RunTime:0.000892s ]
INFO: [ app_end ] --END-- [ RunTime:0.000932s ]

[ 2016-08-26T11:34:58+08:00 ] ::1 /index.php?m=admin&c=login
INFO: [ app_init ] --START--
INFO: Run Behavior\BuildLiteBehavior [ RunTime:0.000015s ]
INFO: [ app_init ] --END-- [ RunTime:0.000640s ]
INFO: [ app_begin ] --START--
INFO: Run Behavior\ReadHtmlCacheBehavior [ RunTime:0.000921s ]
INFO: [ app_begin ] --END-- [ RunTime:0.000991s ]
INFO: [ view_parse ] --START--
INFO: [ template_filter ] --START--
INFO: Run Behavior\ContentReplaceBehavior [ RunTime:0.000096s ]
INFO: [ template_filter ] --END-- [ RunTime:0.000188s ]
INFO: Run Behavior\ParseTemplateBehavior [ RunTime:0.008113s ]
INFO: [ view_parse ] --END-- [ RunTime:0.008224s ]
INFO: [ view_filter ] --START--
INFO: Run Behavior\WriteHtmlCacheBehavior [ RunTime:0.001406s ]
INFO: [ view_filter ] --END-- [ RunTime:0.001463s ]
INFO: [ app_end ] --START--
INFO: Run Behavior\ShowPageTraceBehavior [ RunTime:0.000989s ]
INFO: [ app_end ] --END-- [ RunTime:0.001043s ]

[ 2016-08-26T11:35:01+08:00 ] ::1 /admin.php?c=login&a=check
INFO: [ app_init ] --START--
INFO: Run Behavior\BuildLiteBehavior [ RunTime:0.000013s ]
INFO: [ app_init ] --END-- [ RunTime:0.000602s ]
INFO: [ app_begin ] --START--
INFO: Run Behavior\ReadHtmlCacheBehavior [ RunTime:0.000709s ]
INFO: [ app_begin ] --END-- [ RunTime:0.000752s ]
ERR: SQLSTATE[HY000] [1045] Access denied for user 'root'@'localhost' (using password: NO)

[ 2016-08-26T11:36:12+08:00 ] ::1 /index.php?m=admin&c=login
INFO: [ app_init ] --START--
INFO: Run Behavior\BuildLiteBehavior [ RunTime:0.000012s ]
INFO: [ app_init ] --END-- [ RunTime:0.000692s ]
INFO: [ app_begin ] --START--
INFO: Run Behavior\ReadHtmlCacheBehavior [ RunTime:0.000782s ]
INFO: [ app_begin ] --END-- [ RunTime:0.000834s ]
INFO: [ view_parse ] --START--
INFO: [ template_filter ] --START--
INFO: Run Behavior\ContentReplaceBehavior [ RunTime:0.000039s ]
INFO: [ template_filter ] --END-- [ RunTime:0.000088s ]
INFO: Run Behavior\ParseTemplateBehavior [ RunTime:0.006398s ]
INFO: [ view_parse ] --END-- [ RunTime:0.006472s ]
INFO: [ view_filter ] --START--
INFO: Run Behavior\WriteHtmlCacheBehavior [ RunTime:0.000579s ]
INFO: [ view_filter ] --END-- [ RunTime:0.000624s ]
INFO: [ app_end ] --START--
INFO: Run Behavior\ShowPageTraceBehavior [ RunTime:0.000788s ]
INFO: [ app_end ] --END-- [ RunTime:0.000838s ]

[ 2016-08-26T11:36:13+08:00 ] ::1 /index.php?m=admin&c=login
INFO: [ app_init ] --START--
INFO: Run Behavior\BuildLiteBehavior [ RunTime:0.000019s ]
INFO: [ app_init ] --END-- [ RunTime:0.000757s ]
INFO: [ app_begin ] --START--
INFO: Run Behavior\ReadHtmlCacheBehavior [ RunTime:0.001203s ]
INFO: [ app_begin ] --END-- [ RunTime:0.001297s ]
INFO: [ view_parse ] --START--
INFO: [ template_filter ] --START--
INFO: Run Behavior\ContentReplaceBehavior [ RunTime:0.000077s ]
INFO: [ template_filter ] --END-- [ RunTime:0.000165s ]
INFO: Run Behavior\ParseTemplateBehavior [ RunTime:0.009704s ]
INFO: [ view_parse ] --END-- [ RunTime:0.009796s ]
INFO: [ view_filter ] --START--
INFO: Run Behavior\WriteHtmlCacheBehavior [ RunTime:0.000781s ]
INFO: [ view_filter ] --END-- [ RunTime:0.000843s ]
INFO: [ app_end ] --START--
INFO: Run Behavior\ShowPageTraceBehavior [ RunTime:0.001307s ]
INFO: [ app_end ] --END-- [ RunTime:0.001389s ]

[ 2016-08-26T11:36:15+08:00 ] ::1 /admin.php?c=login&a=check
INFO: [ app_init ] --START--
INFO: Run Behavior\BuildLiteBehavior [ RunTime:0.000013s ]
INFO: [ app_init ] --END-- [ RunTime:0.000646s ]
INFO: [ app_begin ] --START--
INFO: Run Behavior\ReadHtmlCacheBehavior [ RunTime:0.000734s ]
INFO: [ app_begin ] --END-- [ RunTime:0.000787s ]
SQL: SHOW COLUMNS FROM `cms_admin` [ RunTime:0.0800s ]
SQL: SELECT * FROM `cms_admin` WHERE ( username="f" ) LIMIT 1   [ RunTime:0.0021s ]

[ 2016-08-26T11:36:33+08:00 ] ::1 /admin.php?c=login&a=check
INFO: [ app_init ] --START--
INFO: Run Behavior\BuildLiteBehavior [ RunTime:0.000014s ]
INFO: [ app_init ] --END-- [ RunTime:0.000588s ]
INFO: [ app_begin ] --START--
INFO: Run Behavior\ReadHtmlCacheBehavior [ RunTime:0.000973s ]
INFO: [ app_begin ] --END-- [ RunTime:0.001048s ]
SQL: SHOW COLUMNS FROM `cms_admin` [ RunTime:0.0012s ]
SQL: SELECT * FROM `cms_admin` WHERE ( username="admin" ) LIMIT 1   [ RunTime:0.0005s ]
SQL: UPDATE `cms_admin` SET `lastlogintime`='1472182593' WHERE ( admin_id=1 ) [ RunTime:0.0006s ]

[ 2016-08-26T11:36:34+08:00 ] ::1 /admin.php?c=index
INFO: [ app_init ] --START--
INFO: Run Behavior\BuildLiteBehavior [ RunTime:0.000016s ]
INFO: [ app_init ] --END-- [ RunTime:0.000853s ]
INFO: [ app_begin ] --START--
INFO: Run Behavior\ReadHtmlCacheBehavior [ RunTime:0.000712s ]
INFO: [ app_begin ] --END-- [ RunTime:0.000770s ]
NOTIC: [2048] Declaration of Common\Model\NewsModel::find() should be compatible with Think\Model::find($options = Array) D:\appserv\www\Application\Common\Model\NewsModel.class.php ç¬¬ 9 è¡Œ.
SQL: SHOW COLUMNS FROM `cms_news` [ RunTime:0.0429s ]
SQL: SELECT * FROM `cms_news` WHERE `status` = 1 ORDER BY count desc LIMIT 1   [ RunTime:0.0019s ]
SQL: SELECT COUNT(*) AS tp_count FROM `cms_news` WHERE `status` <> -1 LIMIT 1   [ RunTime:0.0012s ]
NOTIC: [2048] Declaration of Common\Model\PositionModel::find() should be compatible with Think\Model::find($options = Array) D:\appserv\www\Application\Common\Model\PositionModel.class.php ç¬¬ 81 è¡Œ.
SQL: SHOW COLUMNS FROM `cms_position` [ RunTime:0.0326s ]
SQL: SELECT COUNT(*) AS tp_count FROM `cms_position` WHERE `status` = 1 LIMIT 1   [ RunTime:0.0068s ]
SQL: SHOW COLUMNS FROM `cms_admin` [ RunTime:0.0028s ]
SQL: SELECT COUNT(*) AS tp_count FROM `cms_admin` WHERE `status` = 1 AND `lastlogintime` > 1472140800 LIMIT 1   [ RunTime:0.0011s ]
NOTIC: [2] Illegal string offset 'tp_count' D:\appserv\www\Application\Common\Model\AdminModel.class.php ç¬¬ 75 è¡Œ.
INFO: [ view_parse ] --START--
INFO: [ template_filter ] --START--
INFO: Run Behavior\ContentReplaceBehavior [ RunTime:0.000051s ]
INFO: [ template_filter ] --END-- [ RunTime:0.000094s ]
NOTIC: [2048] Declaration of Common\Model\MenuModel::find() should be compatible with Think\Model::find($options = Array) D:\appserv\www\Application\Common\Model\MenuModel.class.php ç¬¬ 92 è¡Œ.
SQL: SHOW COLUMNS FROM `cms_menu` [ RunTime:0.0196s ]
SQL: SELECT * FROM `cms_menu` WHERE `status` <> -1 AND `type` = 1 ORDER BY listorder desc,menu_id desc  [ RunTime:0.0005s ]
NOTIC: [8] Undefined index: a D:\appserv\www\Application\Common\Common\function.php ç¬¬ 33 è¡Œ.
NOTIC: [8] Undefined index: a D:\appserv\www\Application\Common\Common\function.php ç¬¬ 33 è¡Œ.
NOTIC: [8] Undefined index: a D:\appserv\www\Application\Common\Common\function.php ç¬¬ 33 è¡Œ.
NOTIC: [8] Undefined index: a D:\appserv\www\Application\Common\Common\function.php ç¬¬ 33 è¡Œ.
NOTIC: [8] Undefined index: a D:\appserv\www\Application\Common\Common\function.php ç¬¬ 33 è¡Œ.
NOTIC: [8] Undefined index: a D:\appserv\www\Application\Common\Common\function.php ç¬¬ 33 è¡Œ.
INFO: Run Behavior\ParseTemplateBehavior [ RunTime:0.117959s ]
INFO: [ view_parse ] --END-- [ RunTime:0.118041s ]
INFO: [ view_filter ] --START--
INFO: Run Behavior\WriteHtmlCacheBehavior [ RunTime:0.000708s ]
INFO: [ view_filter ] --END-- [ RunTime:0.000760s ]
INFO: [ app_end ] --START--
INFO: Run Behavior\ShowPageTraceBehavior [ RunTime:0.000921s ]
INFO: [ app_end ] --END-- [ RunTime:0.000969s ]

[ 2016-08-26T11:36:51+08:00 ] ::1 /admin.php?c=menu
INFO: [ app_init ] --START--
INFO: Run Behavior\BuildLiteBehavior [ RunTime:0.000012s ]
INFO: [ app_init ] --END-- [ RunTime:0.000681s ]
INFO: [ app_begin ] --START--
INFO: Run Behavior\ReadHtmlCacheBehavior [ RunTime:0.000898s ]
INFO: [ app_begin ] --END-- [ RunTime:0.000945s ]
NOTIC: [2048] Declaration of Admin\Controller\MenuController::setStatus() should be compatible with Admin\Controller\CommonController::setStatus($data, $models) D:\appserv\www\Application\Admin\Controller\MenuController.class.php ç¬¬ 9 è¡Œ.
NOTIC: [2048] Declaration of Admin\Controller\MenuController::listorder() should be compatible with Admin\Controller\CommonController::listorder($model = '') D:\appserv\www\Application\Admin\Controller\MenuController.class.php ç¬¬ 9 è¡Œ.
NOTIC: [8] Undefined index: p D:\appserv\www\Application\Admin\Controller\MenuController.class.php ç¬¬ 51 è¡Œ.
NOTIC: [8] Undefined index: pageSize D:\appserv\www\Application\Admin\Controller\MenuController.class.php ç¬¬ 52 è¡Œ.
NOTIC: [2048] Declaration of Common\Model\MenuModel::find() should be compatible with Think\Model::find($options = Array) D:\appserv\www\Application\Common\Model\MenuModel.class.php ç¬¬ 5 è¡Œ.
SQL: SHOW COLUMNS FROM `cms_menu` [ RunTime:0.0011s ]
SQL: SELECT * FROM `cms_menu` WHERE `status` <> -1 ORDER BY listorder desc,menu_id desc LIMIT 0,3   [ RunTime:0.0005s ]
SQL: SELECT COUNT(*) AS tp_count FROM `cms_menu` WHERE `status` <> -1 LIMIT 1   [ RunTime:0.0004s ]
INFO: [ view_parse ] --START--
INFO: [ template_filter ] --START--
INFO: Run Behavior\ContentReplaceBehavior [ RunTime:0.000136s ]
INFO: [ template_filter ] --END-- [ RunTime:0.000241s ]
SQL: SELECT * FROM `cms_menu` WHERE `status` <> -1 AND `type` = 1 ORDER BY listorder desc,menu_id desc  [ RunTime:0.0010s ]
NOTIC: [8] Undefined index: a D:\appserv\www\Application\Common\Common\function.php ç¬¬ 33 è¡Œ.
NOTIC: [8] Undefined index: a D:\appserv\www\Application\Common\Common\function.php ç¬¬ 33 è¡Œ.
NOTIC: [8] Undefined index: a D:\appserv\www\Application\Common\Common\function.php ç¬¬ 33 è¡Œ.
NOTIC: [8] Undefined index: a D:\appserv\www\Application\Common\Common\function.php ç¬¬ 33 è¡Œ.
NOTIC: [8] Undefined index: a D:\appserv\www\Application\Common\Common\function.php ç¬¬ 33 è¡Œ.
NOTIC: [8] Undefined index: a D:\appserv\www\Application\Common\Common\function.php ç¬¬ 33 è¡Œ.
NOTIC: [8] Undefined variable: nav D:\appserv\www\Application\Runtime\Cache\Admin\b956215329b6f9aca22277599a4efdfc.php ç¬¬ 101 è¡Œ.
INFO: Run Behavior\ParseTemplateBehavior [ RunTime:0.040228s ]
INFO: [ view_parse ] --END-- [ RunTime:0.040311s ]
INFO: [ view_filter ] --START--
INFO: Run Behavior\WriteHtmlCacheBehavior [ RunTime:0.001848s ]
INFO: [ view_filter ] --END-- [ RunTime:0.001940s ]
INFO: [ app_end ] --START--
INFO: Run Behavior\ShowPageTraceBehavior [ RunTime:0.001965s ]
INFO: [ app_end ] --END-- [ RunTime:0.002069s ]

[ 2016-08-26T11:36:53+08:00 ] ::1 /admin.php?c=content
INFO: [ app_init ] --START--
INFO: Run Behavior\BuildLiteBehavior [ RunTime:0.000013s ]
INFO: [ app_init ] --END-- [ RunTime:0.000672s ]
INFO: [ app_begin ] --START--
INFO: Run Behavior\ReadHtmlCacheBehavior [ RunTime:0.000712s ]
INFO: [ app_begin ] --END-- [ RunTime:0.000766s ]
NOTIC: [2048] Declaration of Admin\Controller\ContentController::setStatus() should be compatible with Admin\Controller\CommonController::setStatus($data, $models) D:\appserv\www\Application\Admin\Controller\ContentController.class.php ç¬¬ 12 è¡Œ.
NOTIC: [2048] Declaration of Admin\Controller\ContentController::listorder() should be compatible with Admin\Controller\CommonController::listorder($model = '') D:\appserv\www\Application\Admin\Controller\ContentController.class.php ç¬¬ 12 è¡Œ.
NOTIC: [8] Undefined index: title D:\appserv\www\Application\Admin\Controller\ContentController.class.php ç¬¬ 16 è¡Œ.
NOTIC: [8] Undefined index: catid D:\appserv\www\Application\Admin\Controller\ContentController.class.php ç¬¬ 20 è¡Œ.
NOTIC: [8] Undefined index: p D:\appserv\www\Application\Admin\Controller\ContentController.class.php ç¬¬ 24 è¡Œ.
NOTIC: [2048] Declaration of Common\Model\NewsModel::find() should be compatible with Think\Model::find($options = Array) D:\appserv\www\Application\Common\Model\NewsModel.class.php ç¬¬ 9 è¡Œ.
SQL: SHOW COLUMNS FROM `cms_news` [ RunTime:0.0030s ]
SQL: SELECT * FROM `cms_news` WHERE `status` <> -1 ORDER BY listorder desc ,news_id desc LIMIT 0,10   [ RunTime:0.0013s ]
SQL: SELECT COUNT(*) AS tp_count FROM `cms_news` WHERE `status` <> -1 LIMIT 1   [ RunTime:0.0008s ]
NOTIC: [2048] Declaration of Common\Model\PositionModel::find() should be compatible with Think\Model::find($options = Array) D:\appserv\www\Application\Common\Model\PositionModel.class.php ç¬¬ 81 è¡Œ.
SQL: SHOW COLUMNS FROM `cms_position` [ RunTime:0.0032s ]
SQL: SELECT * FROM `cms_position` WHERE `status` = 1 ORDER BY id  [ RunTime:0.0010s ]
NOTIC: [2048] Declaration of Common\Model\MenuModel::find() should be compatible with Think\Model::find($options = Array) D:\appserv\www\Application\Common\Model\MenuModel.class.php ç¬¬ 92 è¡Œ.
SQL: SHOW COLUMNS FROM `cms_menu` [ RunTime:0.0030s ]
SQL: SELECT * FROM `cms_menu` WHERE `status` = 1 AND `type` = 0 ORDER BY listorder desc,menu_id desc  [ RunTime:0.0017s ]
INFO: [ view_parse ] --START--
INFO: [ template_filter ] --START--
INFO: Run Behavior\ContentReplaceBehavior [ RunTime:0.000112s ]
INFO: [ template_filter ] --END-- [ RunTime:0.000193s ]
SQL: SELECT * FROM `cms_menu` WHERE `status` <> -1 AND `type` = 1 ORDER BY listorder desc,menu_id desc  [ RunTime:0.0007s ]
NOTIC: [8] Undefined index: a D:\appserv\www\Application\Common\Common\function.php ç¬¬ 33 è¡Œ.
NOTIC: [8] Undefined index: a D:\appserv\www\Application\Common\Common\function.php ç¬¬ 33 è¡Œ.
NOTIC: [8] Undefined index: a D:\appserv\www\Application\Common\Common\function.php ç¬¬ 33 è¡Œ.
NOTIC: [8] Undefined index: a D:\appserv\www\Application\Common\Common\function.php ç¬¬ 33 è¡Œ.
NOTIC: [8] Undefined index: a D:\appserv\www\Application\Common\Common\function.php ç¬¬ 33 è¡Œ.
NOTIC: [8] Undefined index: a D:\appserv\www\Application\Common\Common\function.php ç¬¬ 33 è¡Œ.
INFO: Run Behavior\ParseTemplateBehavior [ RunTime:0.042405s ]
INFO: [ view_parse ] --END-- [ RunTime:0.042508s ]
INFO: [ view_filter ] --START--
INFO: Run Behavior\WriteHtmlCacheBehavior [ RunTime:0.001399s ]
INFO: [ view_filter ] --END-- [ RunTime:0.001468s ]
INFO: [ app_end ] --START--
INFO: Run Behavior\ShowPageTraceBehavior [ RunTime:0.001824s ]
INFO: [ app_end ] --END-- [ RunTime:0.001937s ]

[ 2016-08-26T11:36:55+08:00 ] ::1 /admin.php?c=position
INFO: [ app_init ] --START--
INFO: Run Behavior\BuildLiteBehavior [ RunTime:0.000012s ]
INFO: [ app_init ] --END-- [ RunTime:0.000643s ]
INFO: [ app_begin ] --START--
INFO: Run Behavior\ReadHtmlCacheBehavior [ RunTime:0.000689s ]
INFO: [ app_begin ] --END-- [ RunTime:0.000733s ]
NOTIC: [2048] Declaration of Admin\Controller\PositionController::setStatus() should be compatible with Admin\Controller\CommonController::setStatus($data, $models) D:\appserv\www\Application\Admin\Controller\PositionController.class.php ç¬¬ 7 è¡Œ.
NOTIC: [2048] Declaration of Common\Model\PositionModel::find() should be compatible with Think\Model::find($options = Array) D:\appserv\www\Application\Common\Model\PositionModel.class.php ç¬¬ 9 è¡Œ.
SQL: SHOW COLUMNS FROM `cms_position` [ RunTime:0.0016s ]
SQL: SELECT * FROM `cms_position` WHERE `status` <> -1 ORDER BY id  [ RunTime:0.0004s ]
INFO: [ view_parse ] --START--
INFO: [ template_filter ] --START--
INFO: Run Behavior\ContentReplaceBehavior [ RunTime:0.000068s ]
INFO: [ template_filter ] --END-- [ RunTime:0.000124s ]
NOTIC: [2048] Declaration of Common\Model\MenuModel::find() should be compatible with Think\Model::find($options = Array) D:\appserv\www\Application\Common\Model\MenuModel.class.php ç¬¬ 92 è¡Œ.
SQL: SHOW COLUMNS FROM `cms_menu` [ RunTime:0.0012s ]
SQL: SELECT * FROM `cms_menu` WHERE `status` <> -1 AND `type` = 1 ORDER BY listorder desc,menu_id desc  [ RunTime:0.0005s ]
NOTIC: [8] Undefined index: a D:\appserv\www\Application\Common\Common\function.php ç¬¬ 33 è¡Œ.
NOTIC: [8] Undefined index: a D:\appserv\www\Application\Common\Common\function.php ç¬¬ 33 è¡Œ.
NOTIC: [8] Undefined index: a D:\appserv\www\Application\Common\Common\function.php ç¬¬ 33 è¡Œ.
NOTIC: [8] Undefined index: a D:\appserv\www\Application\Common\Common\function.php ç¬¬ 33 è¡Œ.
NOTIC: [8] Undefined index: a D:\appserv\www\Application\Common\Common\function.php ç¬¬ 33 è¡Œ.
NOTIC: [8] Undefined index: a D:\appserv\www\Application\Common\Common\function.php ç¬¬ 33 è¡Œ.
INFO: Run Behavior\ParseTemplateBehavior [ RunTime:0.024233s ]
INFO: [ view_parse ] --END-- [ RunTime:0.024281s ]
INFO: [ view_filter ] --START--
INFO: Run Behavior\WriteHtmlCacheBehavior [ RunTime:0.000657s ]
INFO: [ view_filter ] --END-- [ RunTime:0.000695s ]
INFO: [ app_end ] --START--
INFO: Run Behavior\ShowPageTraceBehavior [ RunTime:0.000778s ]
INFO: [ app_end ] --END-- [ RunTime:0.000827s ]

[ 2016-08-26T11:36:56+08:00 ] ::1 /admin.php?c=positioncontent
INFO: [ app_init ] --START--
INFO: Run Behavior\BuildLiteBehavior [ RunTime:0.000015s ]
INFO: [ app_init ] --END-- [ RunTime:0.000644s ]
INFO: [ app_begin ] --START--
INFO: Run Behavior\ReadHtmlCacheBehavior [ RunTime:0.000723s ]
INFO: [ app_begin ] --END-- [ RunTime:0.000780s ]
NOTIC: [2048] Declaration of Admin\Controller\PositioncontentController::setStatus() should be compatible with Admin\Controller\CommonController::setStatus($data, $models) D:\appserv\www\Application\Admin\Controller\PositioncontentController.class.php ç¬¬ 9 è¡Œ.
NOTIC: [2048] Declaration of Admin\Controller\PositioncontentController::listorder() should be compatible with Admin\Controller\CommonController::listorder($model = '') D:\appserv\www\Application\Admin\Controller\PositioncontentController.class.php ç¬¬ 9 è¡Œ.
NOTIC: [2048] Declaration of Common\Model\PositionModel::find() should be compatible with Think\Model::find($options = Array) D:\appserv\www\Application\Common\Model\PositionModel.class.php ç¬¬ 9 è¡Œ.
SQL: SHOW COLUMNS FROM `cms_position` [ RunTime:0.0011s ]
SQL: SELECT * FROM `cms_position` WHERE `status` = 1 ORDER BY id  [ RunTime:0.0004s ]
NOTIC: [8] Undefined index: title D:\appserv\www\Application\Admin\Controller\PositioncontentController.class.php ç¬¬ 14 è¡Œ.
NOTIC: [8] Undefined index: position_id D:\appserv\www\Application\Admin\Controller\PositioncontentController.class.php ç¬¬ 18 è¡Œ.
NOTIC: [2048] Declaration of Common\Model\PositionContentModel::find() should be compatible with Think\Model::find($options = Array) D:\appserv\www\Application\Common\Model\PositionContentModel.class.php ç¬¬ 89 è¡Œ.
SQL: SHOW COLUMNS FROM `cms_position_content` [ RunTime:0.0249s ]
NOTIC: [8] Undefined index: title D:\appserv\www\Application\Common\Model\PositionContentModel.class.php ç¬¬ 18 è¡Œ.
SQL: SELECT * FROM `cms_position_content` WHERE `status` <> -1 AND `position_id` = 2 ORDER BY listorder desc ,id desc  [ RunTime:0.0008s ]
INFO: [ view_parse ] --START--
INFO: [ template_filter ] --START--
INFO: Run Behavior\ContentReplaceBehavior [ RunTime:0.000065s ]
INFO: [ template_filter ] --END-- [ RunTime:0.000114s ]
NOTIC: [2048] Declaration of Common\Model\MenuModel::find() should be compatible with Think\Model::find($options = Array) D:\appserv\www\Application\Common\Model\MenuModel.class.php ç¬¬ 92 è¡Œ.
SQL: SHOW COLUMNS FROM `cms_menu` [ RunTime:0.0018s ]
SQL: SELECT * FROM `cms_menu` WHERE `status` <> -1 AND `type` = 1 ORDER BY listorder desc,menu_id desc  [ RunTime:0.0005s ]
NOTIC: [8] Undefined index: a D:\appserv\www\Application\Common\Common\function.php ç¬¬ 33 è¡Œ.
NOTIC: [8] Undefined index: a D:\appserv\www\Application\Common\Common\function.php ç¬¬ 33 è¡Œ.
NOTIC: [8] Undefined index: a D:\appserv\www\Application\Common\Common\function.php ç¬¬ 33 è¡Œ.
NOTIC: [8] Undefined index: a D:\appserv\www\Application\Common\Common\function.php ç¬¬ 33 è¡Œ.
NOTIC: [8] Undefined index: a D:\appserv\www\Application\Common\Common\function.php ç¬¬ 33 è¡Œ.
NOTIC: [8] Undefined index: a D:\appserv\www\Application\Common\Common\function.php ç¬¬ 33 è¡Œ.
NOTIC: [8] Undefined variable: title D:\appserv\www\Application\Runtime\Cache\Admin\b8a8b9d170e6c07d7b463ea02385894d.php ç¬¬ 120 è¡Œ.
INFO: Run Behavior\ParseTemplateBehavior [ RunTime:0.019663s ]
INFO: [ view_parse ] --END-- [ RunTime:0.019709s ]
INFO: [ view_filter ] --START--
INFO: Run Behavior\WriteHtmlCacheBehavior [ RunTime:0.000647s ]
INFO: [ view_filter ] --END-- [ RunTime:0.000689s ]
INFO: [ app_end ] --START--
INFO: Run Behavior\ShowPageTraceBehavior [ RunTime:0.001146s ]
INFO: [ app_end ] --END-- [ RunTime:0.001217s ]

[ 2016-08-26T11:36:59+08:00 ] ::1 /admin.php?c=admin
INFO: [ app_init ] --START--
INFO: Run Behavior\BuildLiteBehavior [ RunTime:0.000012s ]
INFO: [ app_init ] --END-- [ RunTime:0.000624s ]
INFO: [ app_begin ] --START--
INFO: Run Behavior\ReadHtmlCacheBehavior [ RunTime:0.000718s ]
INFO: [ app_begin ] --END-- [ RunTime:0.000768s ]
NOTIC: [2048] Declaration of Admin\Controller\AdminController::setStatus() should be compatible with Admin\Controller\CommonController::setStatus($data, $models) D:\appserv\www\Application\Admin\Controller\AdminController.class.php ç¬¬ 9 è¡Œ.
SQL: SHOW COLUMNS FROM `cms_admin` [ RunTime:0.0012s ]
SQL: SELECT * FROM `cms_admin` WHERE `status` <> -1 ORDER BY admin_id desc  [ RunTime:0.0004s ]
INFO: [ view_parse ] --START--
INFO: [ template_filter ] --START--
INFO: Run Behavior\ContentReplaceBehavior [ RunTime:0.000052s ]
INFO: [ template_filter ] --END-- [ RunTime:0.000096s ]
NOTIC: [2048] Declaration of Common\Model\MenuModel::find() should be compatible with Think\Model::find($options = Array) D:\appserv\www\Application\Common\Model\MenuModel.class.php ç¬¬ 92 è¡Œ.
SQL: SHOW COLUMNS FROM `cms_menu` [ RunTime:0.0012s ]
SQL: SELECT * FROM `cms_menu` WHERE `status` <> -1 AND `type` = 1 ORDER BY listorder desc,menu_id desc  [ RunTime:0.0004s ]
NOTIC: [8] Undefined index: a D:\appserv\www\Application\Common\Common\function.php ç¬¬ 33 è¡Œ.
NOTIC: [8] Undefined index: a D:\appserv\www\Application\Common\Common\function.php ç¬¬ 33 è¡Œ.
NOTIC: [8] Undefined index: a D:\appserv\www\Application\Common\Common\function.php ç¬¬ 33 è¡Œ.
NOTIC: [8] Undefined index: a D:\appserv\www\Application\Common\Common\function.php ç¬¬ 33 è¡Œ.
NOTIC: [8] Undefined index: a D:\appserv\www\Application\Common\Common\function.php ç¬¬ 33 è¡Œ.
NOTIC: [8] Undefined index: a D:\appserv\www\Application\Common\Common\function.php ç¬¬ 33 è¡Œ.
NOTIC: [8] Undefined variable: nav D:\appserv\www\Application\Runtime\Cache\Admin\b682812e058c4f7cab74d08ab9eabe11.php ç¬¬ 101 è¡Œ.
INFO: Run Behavior\ParseTemplateBehavior [ RunTime:0.013956s ]
INFO: [ view_parse ] --END-- [ RunTime:0.014004s ]
INFO: [ view_filter ] --START--
INFO: Run Behavior\WriteHtmlCacheBehavior [ RunTime:0.000668s ]
INFO: [ view_filter ] --END-- [ RunTime:0.000704s ]
INFO: [ app_end ] --START--
INFO: Run Behavior\ShowPageTraceBehavior [ RunTime:0.000812s ]
INFO: [ app_end ] --END-- [ RunTime:0.000852s ]

[ 2016-08-26T11:37:00+08:00 ] ::1 /admin.php?c=basic
INFO: [ app_init ] --START--
INFO: Run Behavior\BuildLiteBehavior [ RunTime:0.000012s ]
INFO: [ app_init ] --END-- [ RunTime:0.000626s ]
INFO: [ app_begin ] --START--
INFO: Run Behavior\ReadHtmlCacheBehavior [ RunTime:0.000753s ]
INFO: [ app_begin ] --END-- [ RunTime:0.000840s ]
NOTIC: [2048] Declaration of Common\Model\BasicModel::save() should be compatible with Think\Model::save($data = '', $options = Array) D:\appserv\www\Application\Common\Model\BasicModel.class.php ç¬¬ 9 è¡Œ.
NOTIC: [2048] Declaration of Common\Model\BasicModel::select() should be compatible with Think\Model::select($options = Array) D:\appserv\www\Application\Common\Model\BasicModel.class.php ç¬¬ 9 è¡Œ.
INFO: [ view_parse ] --START--
INFO: [ template_filter ] --START--
INFO: Run Behavior\ContentReplaceBehavior [ RunTime:0.000044s ]
INFO: [ template_filter ] --END-- [ RunTime:0.000092s ]
NOTIC: [2048] Declaration of Common\Model\MenuModel::find() should be compatible with Think\Model::find($options = Array) D:\appserv\www\Application\Common\Model\MenuModel.class.php ç¬¬ 92 è¡Œ.
SQL: SHOW COLUMNS FROM `cms_menu` [ RunTime:0.0011s ]
SQL: SELECT * FROM `cms_menu` WHERE `status` <> -1 AND `type` = 1 ORDER BY listorder desc,menu_id desc  [ RunTime:0.0004s ]
NOTIC: [8] Undefined index: a D:\appserv\www\Application\Common\Common\function.php ç¬¬ 33 è¡Œ.
NOTIC: [8] Undefined index: a D:\appserv\www\Application\Common\Common\function.php ç¬¬ 33 è¡Œ.
NOTIC: [8] Undefined index: a D:\appserv\www\Application\Common\Common\function.php ç¬¬ 33 è¡Œ.
NOTIC: [8] Undefined index: a D:\appserv\www\Application\Common\Common\function.php ç¬¬ 33 è¡Œ.
NOTIC: [8] Undefined index: a D:\appserv\www\Application\Common\Common\function.php ç¬¬ 33 è¡Œ.
NOTIC: [8] Undefined index: a D:\appserv\www\Application\Common\Common\function.php ç¬¬ 33 è¡Œ.
INFO: Run Behavior\ParseTemplateBehavior [ RunTime:0.028525s ]
INFO: [ view_parse ] --END-- [ RunTime:0.028567s ]
INFO: [ view_filter ] --START--
INFO: Run Behavior\WriteHtmlCacheBehavior [ RunTime:0.000638s ]
INFO: [ view_filter ] --END-- [ RunTime:0.000686s ]
INFO: [ app_end ] --START--
INFO: Run Behavior\ShowPageTraceBehavior [ RunTime:0.000859s ]
INFO: [ app_end ] --END-- [ RunTime:0.000908s ]

[ 2016-08-26T11:37:07+08:00 ] ::1 /admin.php?c=basic&a=cache
INFO: [ app_init ] --START--
INFO: Run Behavior\BuildLiteBehavior [ RunTime:0.000012s ]
INFO: [ app_init ] --END-- [ RunTime:0.000612s ]
INFO: [ app_begin ] --START--
INFO: Run Behavior\ReadHtmlCacheBehavior [ RunTime:0.000847s ]
INFO: [ app_begin ] --END-- [ RunTime:0.000898s ]
INFO: [ view_parse ] --START--
INFO: [ template_filter ] --START--
INFO: Run Behavior\ContentReplaceBehavior [ RunTime:0.000041s ]
INFO: [ template_filter ] --END-- [ RunTime:0.000085s ]
NOTIC: [2048] Declaration of Common\Model\MenuModel::find() should be compatible with Think\Model::find($options = Array) D:\appserv\www\Application\Common\Model\MenuModel.class.php ç¬¬ 5 è¡Œ.
SQL: SHOW COLUMNS FROM `cms_menu` [ RunTime:0.0013s ]
SQL: SELECT * FROM `cms_menu` WHERE `status` <> -1 AND `type` = 1 ORDER BY listorder desc,menu_id desc  [ RunTime:0.0005s ]
NOTIC: [8] Undefined index: a D:\appserv\www\Application\Common\Common\function.php ç¬¬ 33 è¡Œ.
NOTIC: [8] Undefined index: a D:\appserv\www\Application\Common\Common\function.php ç¬¬ 33 è¡Œ.
NOTIC: [8] Undefined index: a D:\appserv\www\Application\Common\Common\function.php ç¬¬ 33 è¡Œ.
NOTIC: [8] Undefined index: a D:\appserv\www\Application\Common\Common\function.php ç¬¬ 33 è¡Œ.
NOTIC: [8] Undefined index: a D:\appserv\www\Application\Common\Common\function.php ç¬¬ 33 è¡Œ.
NOTIC: [8] Undefined index: a D:\appserv\www\Application\Common\Common\function.php ç¬¬ 33 è¡Œ.
INFO: Run Behavior\ParseTemplateBehavior [ RunTime:0.020592s ]
INFO: [ view_parse ] --END-- [ RunTime:0.020643s ]
INFO: [ view_filter ] --START--
INFO: Run Behavior\WriteHtmlCacheBehavior [ RunTime:0.000824s ]
INFO: [ view_filter ] --END-- [ RunTime:0.000869s ]
INFO: [ app_end ] --START--
INFO: Run Behavior\ShowPageTraceBehavior [ RunTime:0.000848s ]
INFO: [ app_end ] --END-- [ RunTime:0.000888s ]

[ 2016-08-26T11:37:09+08:00 ] ::1 /admin.php
INFO: [ app_init ] --START--
INFO: Run Behavior\BuildLiteBehavior [ RunTime:0.000013s ]
INFO: [ app_init ] --END-- [ RunTime:0.000678s ]
INFO: [ app_begin ] --START--
INFO: Run Behavior\ReadHtmlCacheBehavior [ RunTime:0.000693s ]
INFO: [ app_begin ] --END-- [ RunTime:0.000745s ]
NOTIC: [2048] Declaration of Common\Model\NewsModel::find() should be compatible with Think\Model::find($options = Array) D:\appserv\www\Application\Common\Model\NewsModel.class.php ç¬¬ 9 è¡Œ.
SQL: SHOW COLUMNS FROM `cms_news` [ RunTime:0.0012s ]
SQL: SELECT * FROM `cms_news` WHERE `status` = 1 ORDER BY count desc LIMIT 1   [ RunTime:0.0004s ]
SQL: SELECT COUNT(*) AS tp_count FROM `cms_news` WHERE `status` <> -1 LIMIT 1   [ RunTime:0.0003s ]
NOTIC: [2048] Declaration of Common\Model\PositionModel::find() should be compatible with Think\Model::find($options = Array) D:\appserv\www\Application\Common\Model\PositionModel.class.php ç¬¬ 81 è¡Œ.
SQL: SHOW COLUMNS FROM `cms_position` [ RunTime:0.0011s ]
SQL: SELECT COUNT(*) AS tp_count FROM `cms_position` WHERE `status` = 1 LIMIT 1   [ RunTime:0.0004s ]
SQL: SHOW COLUMNS FROM `cms_admin` [ RunTime:0.0012s ]
SQL: SELECT COUNT(*) AS tp_count FROM `cms_admin` WHERE `status` = 1 AND `lastlogintime` > 1472140800 LIMIT 1   [ RunTime:0.0004s ]
NOTIC: [2] Illegal string offset 'tp_count' D:\appserv\www\Application\Common\Model\AdminModel.class.php ç¬¬ 75 è¡Œ.
INFO: [ view_parse ] --START--
INFO: [ template_filter ] --START--
INFO: Run Behavior\ContentReplaceBehavior [ RunTime:0.000059s ]
INFO: [ template_filter ] --END-- [ RunTime:0.000109s ]
NOTIC: [2048] Declaration of Common\Model\MenuModel::find() should be compatible with Think\Model::find($options = Array) D:\appserv\www\Application\Common\Model\MenuModel.class.php ç¬¬ 92 è¡Œ.
SQL: SHOW COLUMNS FROM `cms_menu` [ RunTime:0.0013s ]
SQL: SELECT * FROM `cms_menu` WHERE `status` <> -1 AND `type` = 1 ORDER BY listorder desc,menu_id desc  [ RunTime:0.0004s ]
NOTIC: [8] Undefined index: a D:\appserv\www\Application\Common\Common\function.php ç¬¬ 33 è¡Œ.
NOTIC: [8] Undefined index: a D:\appserv\www\Application\Common\Common\function.php ç¬¬ 33 è¡Œ.
NOTIC: [8] Undefined index: a D:\appserv\www\Application\Common\Common\function.php ç¬¬ 33 è¡Œ.
NOTIC: [8] Undefined index: a D:\appserv\www\Application\Common\Common\function.php ç¬¬ 33 è¡Œ.
NOTIC: [8] Undefined index: a D:\appserv\www\Application\Common\Common\function.php ç¬¬ 33 è¡Œ.
NOTIC: [8] Undefined index: a D:\appserv\www\Application\Common\Common\function.php ç¬¬ 33 è¡Œ.
INFO: Run Behavior\ParseTemplateBehavior [ RunTime:0.016453s ]
INFO: [ view_parse ] --END-- [ RunTime:0.016504s ]
INFO: [ view_filter ] --START--
INFO: Run Behavior\WriteHtmlCacheBehavior [ RunTime:0.000671s ]
INFO: [ view_filter ] --END-- [ RunTime:0.000716s ]
INFO: [ app_end ] --START--
INFO: Run Behavior\ShowPageTraceBehavior [ RunTime:0.000980s ]
INFO: [ app_end ] --END-- [ RunTime:0.001031s ]

[ 2016-08-26T13:33:17+08:00 ] ::1 /admin.php?c=login&a=loginout
INFO: [ app_init ] --START--
INFO: Run Behavior\BuildLiteBehavior [ RunTime:0.000021s ]
INFO: [ app_init ] --END-- [ RunTime:0.001302s ]
INFO: [ app_begin ] --START--
INFO: Run Behavior\ReadHtmlCacheBehavior [ RunTime:0.001617s ]
INFO: [ app_begin ] --END-- [ RunTime:0.001736s ]
NOTIC: [8] Undefined variable: module D:\appserv\www\ThinkPHP\Common\functions.php ç¬¬ 990 è¡Œ.
NOTIC: [8] Undefined variable: var D:\appserv\www\ThinkPHP\Common\functions.php ç¬¬ 990 è¡Œ.
NOTIC: [2] array_reverse() expects parameter 1 to be array, null given D:\appserv\www\ThinkPHP\Common\functions.php ç¬¬ 990 è¡Œ.
NOTIC: [2] http_build_query(): Parameter 1 expected to be Array or Object.  Incorrect value given D:\appserv\www\ThinkPHP\Common\functions.php ç¬¬ 990 è¡Œ.

[ 2016-08-26T13:33:17+08:00 ] ::1 /admin.php?m=&&c=login
INFO: [ app_init ] --START--
INFO: Run Behavior\BuildLiteBehavior [ RunTime:0.000046s ]
INFO: [ app_init ] --END-- [ RunTime:0.001946s ]
INFO: [ app_begin ] --START--
INFO: Run Behavior\ReadHtmlCacheBehavior [ RunTime:0.002345s ]
INFO: [ app_begin ] --END-- [ RunTime:0.002516s ]
INFO: [ view_parse ] --START--
INFO: [ template_filter ] --START--
INFO: Run Behavior\ContentReplaceBehavior [ RunTime:0.000113s ]
INFO: [ template_filter ] --END-- [ RunTime:0.000262s ]
INFO: Run Behavior\ParseTemplateBehavior [ RunTime:0.023653s ]
INFO: [ view_parse ] --END-- [ RunTime:0.023807s ]
INFO: [ view_filter ] --START--
INFO: Run Behavior\WriteHtmlCacheBehavior [ RunTime:0.003910s ]
INFO: [ view_filter ] --END-- [ RunTime:0.004065s ]
INFO: [ app_end ] --START--
INFO: Run Behavior\ShowPageTraceBehavior [ RunTime:0.002730s ]
INFO: [ app_end ] --END-- [ RunTime:0.002869s ]

[ 2016-08-26T13:33:17+08:00 ] ::1 /admin.php?m=&&c=login
INFO: [ app_init ] --START--
INFO: Run Behavior\BuildLiteBehavior [ RunTime:0.000023s ]
INFO: [ app_init ] --END-- [ RunTime:0.001109s ]
INFO: [ app_begin ] --START--
INFO: Run Behavior\ReadHtmlCacheBehavior [ RunTime:0.001246s ]
INFO: [ app_begin ] --END-- [ RunTime:0.001341s ]
INFO: [ view_parse ] --START--
INFO: [ template_filter ] --START--
INFO: Run Behavior\ContentReplaceBehavior [ RunTime:0.000074s ]
INFO: [ template_filter ] --END-- [ RunTime:0.000182s ]
INFO: Run Behavior\ParseTemplateBehavior [ RunTime:0.012606s ]
INFO: [ view_parse ] --END-- [ RunTime:0.012738s ]
INFO: [ view_filter ] --START--
INFO: Run Behavior\WriteHtmlCacheBehavior [ RunTime:0.000929s ]
INFO: [ view_filter ] --END-- [ RunTime:0.000997s ]
INFO: [ app_end ] --START--
INFO: Run Behavior\ShowPageTraceBehavior [ RunTime:0.001251s ]
INFO: [ app_end ] --END-- [ RunTime:0.001326s ]

[ 2016-08-26T14:13:15+08:00 ] ::1 /index.php?m=admin&c=login
INFO: [ app_init ] --START--
INFO: Run Behavior\BuildLiteBehavior [ RunTime:0.000012s ]
INFO: [ app_init ] --END-- [ RunTime:0.000654s ]
INFO: [ app_begin ] --START--
INFO: Run Behavior\ReadHtmlCacheBehavior [ RunTime:0.000732s ]
INFO: [ app_begin ] --END-- [ RunTime:0.000797s ]
INFO: [ view_parse ] --START--
INFO: [ template_filter ] --START--
INFO: Run Behavior\ContentReplaceBehavior [ RunTime:0.000049s ]
INFO: [ template_filter ] --END-- [ RunTime:0.000105s ]
INFO: Run Behavior\ParseTemplateBehavior [ RunTime:0.007596s ]
INFO: [ view_parse ] --END-- [ RunTime:0.007665s ]
INFO: [ view_filter ] --START--
INFO: Run Behavior\WriteHtmlCacheBehavior [ RunTime:0.000935s ]
INFO: [ view_filter ] --END-- [ RunTime:0.000976s ]
INFO: [ app_end ] --START--
INFO: Run Behavior\ShowPageTraceBehavior [ RunTime:0.001065s ]
INFO: [ app_end ] --END-- [ RunTime:0.001106s ]

[ 2016-08-26T14:13:15+08:00 ] ::1 /index.php?m=admin&c=login
INFO: [ app_init ] --START--
INFO: Run Behavior\BuildLiteBehavior [ RunTime:0.000015s ]
INFO: [ app_init ] --END-- [ RunTime:0.000649s ]
INFO: [ app_begin ] --START--
INFO: Run Behavior\ReadHtmlCacheBehavior [ RunTime:0.000723s ]
INFO: [ app_begin ] --END-- [ RunTime:0.000787s ]
INFO: [ view_parse ] --START--
INFO: [ template_filter ] --START--
INFO: Run Behavior\ContentReplaceBehavior [ RunTime:0.000043s ]
INFO: [ template_filter ] --END-- [ RunTime:0.000103s ]
INFO: Run Behavior\ParseTemplateBehavior [ RunTime:0.007770s ]
INFO: [ view_parse ] --END-- [ RunTime:0.007827s ]
INFO: [ view_filter ] --START--
INFO: Run Behavior\WriteHtmlCacheBehavior [ RunTime:0.000909s ]
INFO: [ view_filter ] --END-- [ RunTime:0.000967s ]
INFO: [ app_end ] --START--
INFO: Run Behavior\ShowPageTraceBehavior [ RunTime:0.001515s ]
INFO: [ app_end ] --END-- [ RunTime:0.001625s ]

[ 2016-08-26T14:13:18+08:00 ] ::1 /admin.php?c=login&a=check
INFO: [ app_init ] --START--
INFO: Run Behavior\BuildLiteBehavior [ RunTime:0.000013s ]
INFO: [ app_init ] --END-- [ RunTime:0.000640s ]
INFO: [ app_begin ] --START--
INFO: Run Behavior\ReadHtmlCacheBehavior [ RunTime:0.000689s ]
INFO: [ app_begin ] --END-- [ RunTime:0.000731s ]

[ 2016-08-26T14:13:29+08:00 ] ::1 /admin.php?c=login&a=check
INFO: [ app_init ] --START--
INFO: Run Behavior\BuildLiteBehavior [ RunTime:0.000012s ]
INFO: [ app_init ] --END-- [ RunTime:0.000621s ]
INFO: [ app_begin ] --START--
INFO: Run Behavior\ReadHtmlCacheBehavior [ RunTime:0.000916s ]
INFO: [ app_begin ] --END-- [ RunTime:0.000972s ]
SQL: SHOW COLUMNS FROM `cms_admin` [ RunTime:0.0013s ]
SQL: SELECT * FROM `cms_admin` WHERE ( username="admin" ) LIMIT 1   [ RunTime:0.0004s ]
SQL: UPDATE `cms_admin` SET `lastlogintime`='1472192009' WHERE ( admin_id=1 ) [ RunTime:0.0006s ]

[ 2016-08-26T14:13:30+08:00 ] ::1 /admin.php?c=index
INFO: [ app_init ] --START--
INFO: Run Behavior\BuildLiteBehavior [ RunTime:0.000013s ]
INFO: [ app_init ] --END-- [ RunTime:0.000748s ]
INFO: [ app_begin ] --START--
INFO: Run Behavior\ReadHtmlCacheBehavior [ RunTime:0.000684s ]
INFO: [ app_begin ] --END-- [ RunTime:0.000738s ]
NOTIC: [2048] Declaration of Common\Model\NewsModel::find() should be compatible with Think\Model::find($options = Array) D:\appserv\www\Application\Common\Model\NewsModel.class.php ç¬¬ 9 è¡Œ.
SQL: SHOW COLUMNS FROM `cms_news` [ RunTime:0.0020s ]
SQL: SELECT * FROM `cms_news` WHERE `status` = 1 ORDER BY count desc LIMIT 1   [ RunTime:0.0007s ]
SQL: SELECT COUNT(*) AS tp_count FROM `cms_news` WHERE `status` <> -1 LIMIT 1   [ RunTime:0.0004s ]
NOTIC: [2048] Declaration of Common\Model\PositionModel::find() should be compatible with Think\Model::find($options = Array) D:\appserv\www\Application\Common\Model\PositionModel.class.php ç¬¬ 81 è¡Œ.
SQL: SHOW COLUMNS FROM `cms_position` [ RunTime:0.0013s ]
SQL: SELECT COUNT(*) AS tp_count FROM `cms_position` WHERE `status` = 1 LIMIT 1   [ RunTime:0.0003s ]
SQL: SHOW COLUMNS FROM `cms_admin` [ RunTime:0.0012s ]
SQL: SELECT COUNT(*) AS tp_count FROM `cms_admin` WHERE `status` = 1 AND `lastlogintime` > 1472140800 LIMIT 1   [ RunTime:0.0003s ]
NOTIC: [2] Illegal string offset 'tp_count' D:\appserv\www\Application\Common\Model\AdminModel.class.php ç¬¬ 75 è¡Œ.
INFO: [ view_parse ] --START--
INFO: [ template_filter ] --START--
INFO: Run Behavior\ContentReplaceBehavior [ RunTime:0.000049s ]
INFO: [ template_filter ] --END-- [ RunTime:0.000089s ]
NOTIC: [2048] Declaration of Common\Model\MenuModel::find() should be compatible with Think\Model::find($options = Array) D:\appserv\www\Application\Common\Model\MenuModel.class.php ç¬¬ 92 è¡Œ.
SQL: SHOW COLUMNS FROM `cms_menu` [ RunTime:0.0013s ]
SQL: SELECT * FROM `cms_menu` WHERE `status` <> -1 AND `type` = 1 ORDER BY listorder desc,menu_id desc  [ RunTime:0.0004s ]
NOTIC: [8] Undefined index: a D:\appserv\www\Application\Common\Common\function.php ç¬¬ 33 è¡Œ.
NOTIC: [8] Undefined index: a D:\appserv\www\Application\Common\Common\function.php ç¬¬ 33 è¡Œ.
NOTIC: [8] Undefined index: a D:\appserv\www\Application\Common\Common\function.php ç¬¬ 33 è¡Œ.
NOTIC: [8] Undefined index: a D:\appserv\www\Application\Common\Common\function.php ç¬¬ 33 è¡Œ.
NOTIC: [8] Undefined index: a D:\appserv\www\Application\Common\Common\function.php ç¬¬ 33 è¡Œ.
NOTIC: [8] Undefined index: a D:\appserv\www\Application\Common\Common\function.php ç¬¬ 33 è¡Œ.
INFO: Run Behavior\ParseTemplateBehavior [ RunTime:0.014374s ]
INFO: [ view_parse ] --END-- [ RunTime:0.014427s ]
INFO: [ view_filter ] --START--
INFO: Run Behavior\WriteHtmlCacheBehavior [ RunTime:0.001163s ]
INFO: [ view_filter ] --END-- [ RunTime:0.001208s ]
INFO: [ app_end ] --START--
INFO: Run Behavior\ShowPageTraceBehavior [ RunTime:0.001081s ]
INFO: [ app_end ] --END-- [ RunTime:0.001134s ]

[ 2016-08-26T14:13:49+08:00 ] ::1 /admin.php?c=menu
INFO: [ app_init ] --START--
INFO: Run Behavior\BuildLiteBehavior [ RunTime:0.000014s ]
INFO: [ app_init ] --END-- [ RunTime:0.000639s ]
INFO: [ app_begin ] --START--
INFO: Run Behavior\ReadHtmlCacheBehavior [ RunTime:0.000872s ]
INFO: [ app_begin ] --END-- [ RunTime:0.000920s ]
NOTIC: [2048] Declaration of Admin\Controller\MenuController::setStatus() should be compatible with Admin\Controller\CommonController::setStatus($data, $models) D:\appserv\www\Application\Admin\Controller\MenuController.class.php ç¬¬ 9 è¡Œ.
NOTIC: [2048] Declaration of Admin\Controller\MenuController::listorder() should be compatible with Admin\Controller\CommonController::listorder($model = '') D:\appserv\www\Application\Admin\Controller\MenuController.class.php ç¬¬ 9 è¡Œ.
NOTIC: [8] Undefined index: p D:\appserv\www\Application\Admin\Controller\MenuController.class.php ç¬¬ 51 è¡Œ.
NOTIC: [8] Undefined index: pageSize D:\appserv\www\Application\Admin\Controller\MenuController.class.php ç¬¬ 52 è¡Œ.
NOTIC: [2048] Declaration of Common\Model\MenuModel::find() should be compatible with Think\Model::find($options = Array) D:\appserv\www\Application\Common\Model\MenuModel.class.php ç¬¬ 5 è¡Œ.
SQL: SHOW COLUMNS FROM `cms_menu` [ RunTime:0.0013s ]
SQL: SELECT * FROM `cms_menu` WHERE `status` <> -1 ORDER BY listorder desc,menu_id desc LIMIT 0,3   [ RunTime:0.0005s ]
SQL: SELECT COUNT(*) AS tp_count FROM `cms_menu` WHERE `status` <> -1 LIMIT 1   [ RunTime:0.0004s ]
INFO: [ view_parse ] --START--
INFO: [ template_filter ] --START--
INFO: Run Behavior\ContentReplaceBehavior [ RunTime:0.000052s ]
INFO: [ template_filter ] --END-- [ RunTime:0.000112s ]
SQL: SELECT * FROM `cms_menu` WHERE `status` <> -1 AND `type` = 1 ORDER BY listorder desc,menu_id desc  [ RunTime:0.0006s ]
NOTIC: [8] Undefined index: a D:\appserv\www\Application\Common\Common\function.php ç¬¬ 33 è¡Œ.
NOTIC: [8] Undefined index: a D:\appserv\www\Application\Common\Common\function.php ç¬¬ 33 è¡Œ.
NOTIC: [8] Undefined index: a D:\appserv\www\Application\Common\Common\function.php ç¬¬ 33 è¡Œ.
NOTIC: [8] Undefined index: a D:\appserv\www\Application\Common\Common\function.php ç¬¬ 33 è¡Œ.
NOTIC: [8] Undefined index: a D:\appserv\www\Application\Common\Common\function.php ç¬¬ 33 è¡Œ.
NOTIC: [8] Undefined index: a D:\appserv\www\Application\Common\Common\function.php ç¬¬ 33 è¡Œ.
NOTIC: [8] Undefined variable: nav D:\appserv\www\Application\Runtime\Cache\Admin\b956215329b6f9aca22277599a4efdfc.php ç¬¬ 101 è¡Œ.
INFO: Run Behavior\ParseTemplateBehavior [ RunTime:0.011654s ]
INFO: [ view_parse ] --END-- [ RunTime:0.011717s ]
INFO: [ view_filter ] --START--
INFO: Run Behavior\WriteHtmlCacheBehavior [ RunTime:0.001540s ]
INFO: [ view_filter ] --END-- [ RunTime:0.001618s ]
INFO: [ app_end ] --START--
INFO: Run Behavior\ShowPageTraceBehavior [ RunTime:0.001493s ]
INFO: [ app_end ] --END-- [ RunTime:0.001559s ]

[ 2016-08-26T14:13:54+08:00 ] ::1 /admin.php?c=menu&a=add
INFO: [ app_init ] --START--
INFO: Run Behavior\BuildLiteBehavior [ RunTime:0.000012s ]
INFO: [ app_init ] --END-- [ RunTime:0.000644s ]
INFO: [ app_begin ] --START--
INFO: Run Behavior\ReadHtmlCacheBehavior [ RunTime:0.000886s ]
INFO: [ app_begin ] --END-- [ RunTime:0.000960s ]
NOTIC: [2048] Declaration of Admin\Controller\MenuController::setStatus() should be compatible with Admin\Controller\CommonController::setStatus($data, $models) D:\appserv\www\Application\Admin\Controller\MenuController.class.php ç¬¬ 9 è¡Œ.
NOTIC: [2048] Declaration of Admin\Controller\MenuController::listorder() should be compatible with Admin\Controller\CommonController::listorder($model = '') D:\appserv\www\Application\Admin\Controller\MenuController.class.php ç¬¬ 9 è¡Œ.
INFO: [ view_parse ] --START--
INFO: [ template_filter ] --START--
INFO: Run Behavior\ContentReplaceBehavior [ RunTime:0.000156s ]
INFO: [ template_filter ] --END-- [ RunTime:0.000284s ]
NOTIC: [2048] Declaration of Common\Model\MenuModel::find() should be compatible with Think\Model::find($options = Array) D:\appserv\www\Application\Common\Model\MenuModel.class.php ç¬¬ 5 è¡Œ.
SQL: SHOW COLUMNS FROM `cms_menu` [ RunTime:0.0025s ]
SQL: SELECT * FROM `cms_menu` WHERE `status` <> -1 AND `type` = 1 ORDER BY listorder desc,menu_id desc  [ RunTime:0.0012s ]
NOTIC: [8] Undefined index: a D:\appserv\www\Application\Common\Common\function.php ç¬¬ 33 è¡Œ.
NOTIC: [8] Undefined index: a D:\appserv\www\Application\Common\Common\function.php ç¬¬ 33 è¡Œ.
NOTIC: [8] Undefined index: a D:\appserv\www\Application\Common\Common\function.php ç¬¬ 33 è¡Œ.
NOTIC: [8] Undefined index: a D:\appserv\www\Application\Common\Common\function.php ç¬¬ 33 è¡Œ.
NOTIC: [8] Undefined index: a D:\appserv\www\Application\Common\Common\function.php ç¬¬ 33 è¡Œ.
NOTIC: [8] Undefined index: a D:\appserv\www\Application\Common\Common\function.php ç¬¬ 33 è¡Œ.
NOTIC: [8] Undefined variable: menus D:\appserv\www\Application\Runtime\Cache\Admin\31553d7bb41170a30982ff9dddd5d67e.php ç¬¬ 123 è¡Œ.
INFO: Run Behavior\ParseTemplateBehavior [ RunTime:0.135815s ]
INFO: [ view_parse ] --END-- [ RunTime:0.135920s ]
INFO: [ view_filter ] --START--
INFO: Run Behavior\WriteHtmlCacheBehavior [ RunTime:0.003338s ]
INFO: [ view_filter ] --END-- [ RunTime:0.003450s ]
INFO: [ app_end ] --START--
INFO: Run Behavior\ShowPageTraceBehavior [ RunTime:0.002964s ]
INFO: [ app_end ] --END-- [ RunTime:0.003089s ]

[ 2016-08-26T14:20:54+08:00 ] ::1 /admin.php?c=menu&a=add
INFO: [ app_init ] --START--
INFO: Run Behavior\BuildLiteBehavior [ RunTime:0.000014s ]
INFO: [ app_init ] --END-- [ RunTime:0.001102s ]
INFO: [ app_begin ] --START--
INFO: Run Behavior\ReadHtmlCacheBehavior [ RunTime:0.000929s ]
INFO: [ app_begin ] --END-- [ RunTime:0.000982s ]
NOTIC: [2048] Declaration of Admin\Controller\MenuController::setStatus() should be compatible with Admin\Controller\CommonController::setStatus($data, $models) D:\appserv\www\Application\Admin\Controller\MenuController.class.php ç¬¬ 9 è¡Œ.
NOTIC: [2048] Declaration of Admin\Controller\MenuController::listorder() should be compatible with Admin\Controller\CommonController::listorder($model = '') D:\appserv\www\Application\Admin\Controller\MenuController.class.php ç¬¬ 9 è¡Œ.
INFO: [ view_parse ] --START--
INFO: [ template_filter ] --START--
INFO: Run Behavior\ContentReplaceBehavior [ RunTime:0.000057s ]
INFO: [ template_filter ] --END-- [ RunTime:0.000098s ]
NOTIC: [2048] Declaration of Common\Model\MenuModel::find() should be compatible with Think\Model::find($options = Array) D:\appserv\www\Application\Common\Model\MenuModel.class.php ç¬¬ 5 è¡Œ.
SQL: SHOW COLUMNS FROM `cms_menu` [ RunTime:0.0010s ]
SQL: SELECT * FROM `cms_menu` WHERE `status` <> -1 AND `type` = 1 ORDER BY listorder desc,menu_id desc  [ RunTime:0.0006s ]
NOTIC: [8] Undefined index: a D:\appserv\www\Application\Common\Common\function.php ç¬¬ 33 è¡Œ.
NOTIC: [8] Undefined index: a D:\appserv\www\Application\Common\Common\function.php ç¬¬ 33 è¡Œ.
NOTIC: [8] Undefined index: a D:\appserv\www\Application\Common\Common\function.php ç¬¬ 33 è¡Œ.
NOTIC: [8] Undefined index: a D:\appserv\www\Application\Common\Common\function.php ç¬¬ 33 è¡Œ.
NOTIC: [8] Undefined index: a D:\appserv\www\Application\Common\Common\function.php ç¬¬ 33 è¡Œ.
NOTIC: [8] Undefined index: a D:\appserv\www\Application\Common\Common\function.php ç¬¬ 33 è¡Œ.
NOTIC: [8] Undefined variable: menus D:\appserv\www\Application\Runtime\Cache\Admin\31553d7bb41170a30982ff9dddd5d67e.php ç¬¬ 123 è¡Œ.
INFO: Run Behavior\ParseTemplateBehavior [ RunTime:0.024918s ]
INFO: [ view_parse ] --END-- [ RunTime:0.024980s ]
INFO: [ view_filter ] --START--
INFO: Run Behavior\WriteHtmlCacheBehavior [ RunTime:0.001147s ]
INFO: [ view_filter ] --END-- [ RunTime:0.001190s ]
INFO: [ app_end ] --START--
INFO: Run Behavior\ShowPageTraceBehavior [ RunTime:0.001468s ]
INFO: [ app_end ] --END-- [ RunTime:0.001519s ]

[ 2016-08-26T14:21:09+08:00 ] ::1 /admin.php?c=menu&a=add
INFO: [ app_init ] --START--
INFO: Run Behavior\BuildLiteBehavior [ RunTime:0.000013s ]
INFO: [ app_init ] --END-- [ RunTime:0.000651s ]
INFO: [ app_begin ] --START--
INFO: Run Behavior\ReadHtmlCacheBehavior [ RunTime:0.000719s ]
INFO: [ app_begin ] --END-- [ RunTime:0.000764s ]
NOTIC: [2048] Declaration of Admin\Controller\MenuController::setStatus() should be compatible with Admin\Controller\CommonController::setStatus($data, $models) D:\appserv\www\Application\Admin\Controller\MenuController.class.php ç¬¬ 9 è¡Œ.
NOTIC: [2048] Declaration of Admin\Controller\MenuController::listorder() should be compatible with Admin\Controller\CommonController::listorder($model = '') D:\appserv\www\Application\Admin\Controller\MenuController.class.php ç¬¬ 9 è¡Œ.
NOTIC: [8] Undefined index: menu_id D:\appserv\www\Application\Admin\Controller\MenuController.class.php ç¬¬ 25 è¡Œ.
NOTIC: [2048] Declaration of Common\Model\MenuModel::find() should be compatible with Think\Model::find($options = Array) D:\appserv\www\Application\Common\Model\MenuModel.class.php ç¬¬ 5 è¡Œ.
SQL: SHOW COLUMNS FROM `cms_menu` [ RunTime:0.0009s ]
SQL: INSERT INTO `cms_menu` (`name`,`type`,`m`,`c`,`f`,`status`) VALUES ('dfg','1','sdg','dg','sdg','1') [ RunTime:0.0005s ]

[ 2016-08-26T14:21:10+08:00 ] ::1 /admin.php?c=menu
INFO: [ app_init ] --START--
INFO: Run Behavior\BuildLiteBehavior [ RunTime:0.000015s ]
INFO: [ app_init ] --END-- [ RunTime:0.000695s ]
INFO: [ app_begin ] --START--
INFO: Run Behavior\ReadHtmlCacheBehavior [ RunTime:0.000700s ]
INFO: [ app_begin ] --END-- [ RunTime:0.000745s ]
NOTIC: [2048] Declaration of Admin\Controller\MenuController::setStatus() should be compatible with Admin\Controller\CommonController::setStatus($data, $models) D:\appserv\www\Application\Admin\Controller\MenuController.class.php ç¬¬ 9 è¡Œ.
NOTIC: [2048] Declaration of Admin\Controller\MenuController::listorder() should be compatible with Admin\Controller\CommonController::listorder($model = '') D:\appserv\www\Application\Admin\Controller\MenuController.class.php ç¬¬ 9 è¡Œ.
NOTIC: [8] Undefined index: p D:\appserv\www\Application\Admin\Controller\MenuController.class.php ç¬¬ 51 è¡Œ.
NOTIC: [8] Undefined index: pageSize D:\appserv\www\Application\Admin\Controller\MenuController.class.php ç¬¬ 52 è¡Œ.
NOTIC: [2048] Declaration of Common\Model\MenuModel::find() should be compatible with Think\Model::find($options = Array) D:\appserv\www\Application\Common\Model\MenuModel.class.php ç¬¬ 5 è¡Œ.
SQL: SHOW COLUMNS FROM `cms_menu` [ RunTime:0.0008s ]
SQL: SELECT * FROM `cms_menu` WHERE `status` <> -1 ORDER BY listorder desc,menu_id desc LIMIT 0,3   [ RunTime:0.0005s ]
SQL: SELECT COUNT(*) AS tp_count FROM `cms_menu` WHERE `status` <> -1 LIMIT 1   [ RunTime:0.0003s ]
INFO: [ view_parse ] --START--
INFO: [ template_filter ] --START--
INFO: Run Behavior\ContentReplaceBehavior [ RunTime:0.000055s ]
INFO: [ template_filter ] --END-- [ RunTime:0.000104s ]
SQL: SELECT * FROM `cms_menu` WHERE `status` <> -1 AND `type` = 1 ORDER BY listorder desc,menu_id desc  [ RunTime:0.0006s ]
NOTIC: [8] Undefined index: a D:\appserv\www\Application\Common\Common\function.php ç¬¬ 33 è¡Œ.
NOTIC: [8] Undefined index: a D:\appserv\www\Application\Common\Common\function.php ç¬¬ 33 è¡Œ.
NOTIC: [8] Undefined index: a D:\appserv\www\Application\Common\Common\function.php ç¬¬ 33 è¡Œ.
NOTIC: [8] Undefined index: a D:\appserv\www\Application\Common\Common\function.php ç¬¬ 33 è¡Œ.
NOTIC: [8] Undefined index: a D:\appserv\www\Application\Common\Common\function.php ç¬¬ 33 è¡Œ.
NOTIC: [8] Undefined index: a D:\appserv\www\Application\Common\Common\function.php ç¬¬ 33 è¡Œ.
NOTIC: [8] Undefined index: a D:\appserv\www\Application\Common\Common\function.php ç¬¬ 33 è¡Œ.
NOTIC: [8] Undefined variable: nav D:\appserv\www\Application\Runtime\Cache\Admin\b956215329b6f9aca22277599a4efdfc.php ç¬¬ 101 è¡Œ.
INFO: Run Behavior\ParseTemplateBehavior [ RunTime:0.012572s ]
INFO: [ view_parse ] --END-- [ RunTime:0.012629s ]
INFO: [ view_filter ] --START--
INFO: Run Behavior\WriteHtmlCacheBehavior [ RunTime:0.001034s ]
INFO: [ view_filter ] --END-- [ RunTime:0.001073s ]
INFO: [ app_end ] --START--
INFO: Run Behavior\ShowPageTraceBehavior [ RunTime:0.001397s ]
INFO: [ app_end ] --END-- [ RunTime:0.001453s ]

[ 2016-08-26T14:21:27+08:00 ] ::1 /admin.php?c=menu&a=add
INFO: [ app_init ] --START--
INFO: Run Behavior\BuildLiteBehavior [ RunTime:0.000012s ]
INFO: [ app_init ] --END-- [ RunTime:0.000622s ]
INFO: [ app_begin ] --START--
INFO: Run Behavior\ReadHtmlCacheBehavior [ RunTime:0.000710s ]
INFO: [ app_begin ] --END-- [ RunTime:0.000755s ]
NOTIC: [2048] Declaration of Admin\Controller\MenuController::setStatus() should be compatible with Admin\Controller\CommonController::setStatus($data, $models) D:\appserv\www\Application\Admin\Controller\MenuController.class.php ç¬¬ 9 è¡Œ.
NOTIC: [2048] Declaration of Admin\Controller\MenuController::listorder() should be compatible with Admin\Controller\CommonController::listorder($model = '') D:\appserv\www\Application\Admin\Controller\MenuController.class.php ç¬¬ 9 è¡Œ.
INFO: [ view_parse ] --START--
INFO: [ template_filter ] --START--
INFO: Run Behavior\ContentReplaceBehavior [ RunTime:0.000064s ]
INFO: [ template_filter ] --END-- [ RunTime:0.000246s ]
NOTIC: [2048] Declaration of Common\Model\MenuModel::find() should be compatible with Think\Model::find($options = Array) D:\appserv\www\Application\Common\Model\MenuModel.class.php ç¬¬ 5 è¡Œ.
SQL: SHOW COLUMNS FROM `cms_menu` [ RunTime:0.0009s ]
SQL: SELECT * FROM `cms_menu` WHERE `status` <> -1 AND `type` = 1 ORDER BY listorder desc,menu_id desc  [ RunTime:0.0005s ]
NOTIC: [8] Undefined index: a D:\appserv\www\Application\Common\Common\function.php ç¬¬ 33 è¡Œ.
NOTIC: [8] Undefined index: a D:\appserv\www\Application\Common\Common\function.php ç¬¬ 33 è¡Œ.
NOTIC: [8] Undefined index: a D:\appserv\www\Application\Common\Common\function.php ç¬¬ 33 è¡Œ.
NOTIC: [8] Undefined index: a D:\appserv\www\Application\Common\Common\function.php ç¬¬ 33 è¡Œ.
NOTIC: [8] Undefined index: a D:\appserv\www\Application\Common\Common\function.php ç¬¬ 33 è¡Œ.
NOTIC: [8] Undefined index: a D:\appserv\www\Application\Common\Common\function.php ç¬¬ 33 è¡Œ.
NOTIC: [8] Undefined index: a D:\appserv\www\Application\Common\Common\function.php ç¬¬ 33 è¡Œ.
NOTIC: [8] Undefined variable: menus D:\appserv\www\Application\Runtime\Cache\Admin\31553d7bb41170a30982ff9dddd5d67e.php ç¬¬ 123 è¡Œ.
INFO: Run Behavior\ParseTemplateBehavior [ RunTime:0.025845s ]
INFO: [ view_parse ] --END-- [ RunTime:0.025889s ]
INFO: [ view_filter ] --START--
INFO: Run Behavior\WriteHtmlCacheBehavior [ RunTime:0.001052s ]
INFO: [ view_filter ] --END-- [ RunTime:0.001098s ]
INFO: [ app_end ] --START--
INFO: Run Behavior\ShowPageTraceBehavior [ RunTime:0.001084s ]
INFO: [ app_end ] --END-- [ RunTime:0.001144s ]

[ 2016-08-26T14:21:30+08:00 ] ::1 /admin.php?c=menu&a=add
INFO: [ app_init ] --START--
INFO: Run Behavior\BuildLiteBehavior [ RunTime:0.000011s ]
INFO: [ app_init ] --END-- [ RunTime:0.000637s ]
INFO: [ app_begin ] --START--
INFO: Run Behavior\ReadHtmlCacheBehavior [ RunTime:0.000678s ]
INFO: [ app_begin ] --END-- [ RunTime:0.000721s ]
NOTIC: [2048] Declaration of Admin\Controller\MenuController::setStatus() should be compatible with Admin\Controller\CommonController::setStatus($data, $models) D:\appserv\www\Application\Admin\Controller\MenuController.class.php ç¬¬ 9 è¡Œ.
NOTIC: [2048] Declaration of Admin\Controller\MenuController::listorder() should be compatible with Admin\Controller\CommonController::listorder($model = '') D:\appserv\www\Application\Admin\Controller\MenuController.class.php ç¬¬ 9 è¡Œ.
NOTIC: [8] Undefined index: menu_id D:\appserv\www\Application\Admin\Controller\MenuController.class.php ç¬¬ 25 è¡Œ.
NOTIC: [2048] Declaration of Common\Model\MenuModel::find() should be compatible with Think\Model::find($options = Array) D:\appserv\www\Application\Common\Model\MenuModel.class.php ç¬¬ 5 è¡Œ.
SQL: SHOW COLUMNS FROM `cms_menu` [ RunTime:0.0008s ]
SQL: INSERT INTO `cms_menu` (`name`,`type`,`m`,`c`,`f`,`status`) VALUES ('dfg','1','sdg','dg','sdg','1') [ RunTime:0.0004s ]

[ 2016-08-26T14:23:17+08:00 ] ::1 /admin.php?c=menu
INFO: [ app_init ] --START--
INFO: Run Behavior\BuildLiteBehavior [ RunTime:0.000013s ]
INFO: [ app_init ] --END-- [ RunTime:0.000760s ]
INFO: [ app_begin ] --START--
INFO: Run Behavior\ReadHtmlCacheBehavior [ RunTime:0.000948s ]
INFO: [ app_begin ] --END-- [ RunTime:0.001017s ]
NOTIC: [2048] Declaration of Admin\Controller\MenuController::setStatus() should be compatible with Admin\Controller\CommonController::setStatus($data, $models) D:\appserv\www\Application\Admin\Controller\MenuController.class.php ç¬¬ 9 è¡Œ.
NOTIC: [2048] Declaration of Admin\Controller\MenuController::listorder() should be compatible with Admin\Controller\CommonController::listorder($model = '') D:\appserv\www\Application\Admin\Controller\MenuController.class.php ç¬¬ 9 è¡Œ.
NOTIC: [8] Undefined index: p D:\appserv\www\Application\Admin\Controller\MenuController.class.php ç¬¬ 51 è¡Œ.
NOTIC: [8] Undefined index: pageSize D:\appserv\www\Application\Admin\Controller\MenuController.class.php ç¬¬ 52 è¡Œ.
NOTIC: [2048] Declaration of Common\Model\MenuModel::find() should be compatible with Think\Model::find($options = Array) D:\appserv\www\Application\Common\Model\MenuModel.class.php ç¬¬ 5 è¡Œ.
SQL: SHOW COLUMNS FROM `cms_menu` [ RunTime:0.0008s ]
SQL: SELECT * FROM `cms_menu` WHERE `status` <> -1 ORDER BY listorder desc,menu_id desc LIMIT 0,3   [ RunTime:0.0005s ]
SQL: SELECT COUNT(*) AS tp_count FROM `cms_menu` WHERE `status` <> -1 LIMIT 1   [ RunTime:0.0003s ]
INFO: [ view_parse ] --START--
INFO: [ template_filter ] --START--
INFO: Run Behavior\ContentReplaceBehavior [ RunTime:0.000053s ]
INFO: [ template_filter ] --END-- [ RunTime:0.000097s ]
SQL: SELECT * FROM `cms_menu` WHERE `status` <> -1 AND `type` = 1 ORDER BY listorder desc,menu_id desc  [ RunTime:0.0006s ]
NOTIC: [8] Undefined index: a D:\appserv\www\Application\Common\Common\function.php ç¬¬ 33 è¡Œ.
NOTIC: [8] Undefined index: a D:\appserv\www\Application\Common\Common\function.php ç¬¬ 33 è¡Œ.
NOTIC: [8] Undefined index: a D:\appserv\www\Application\Common\Common\function.php ç¬¬ 33 è¡Œ.
NOTIC: [8] Undefined index: a D:\appserv\www\Application\Common\Common\function.php ç¬¬ 33 è¡Œ.
NOTIC: [8] Undefined index: a D:\appserv\www\Application\Common\Common\function.php ç¬¬ 33 è¡Œ.
NOTIC: [8] Undefined index: a D:\appserv\www\Application\Common\Common\function.php ç¬¬ 33 è¡Œ.
NOTIC: [8] Undefined index: a D:\appserv\www\Application\Common\Common\function.php ç¬¬ 33 è¡Œ.
NOTIC: [8] Undefined index: a D:\appserv\www\Application\Common\Common\function.php ç¬¬ 33 è¡Œ.
NOTIC: [8] Undefined variable: nav D:\appserv\www\Application\Runtime\Cache\Admin\b956215329b6f9aca22277599a4efdfc.php ç¬¬ 101 è¡Œ.
INFO: Run Behavior\ParseTemplateBehavior [ RunTime:0.012683s ]
INFO: [ view_parse ] --END-- [ RunTime:0.012731s ]
INFO: [ view_filter ] --START--
INFO: Run Behavior\WriteHtmlCacheBehavior [ RunTime:0.001292s ]
INFO: [ view_filter ] --END-- [ RunTime:0.001354s ]
INFO: [ app_end ] --START--
INFO: Run Behavior\ShowPageTraceBehavior [ RunTime:0.001570s ]
INFO: [ app_end ] --END-- [ RunTime:0.001681s ]

[ 2016-08-26T14:23:23+08:00 ] ::1 /admin.php?m=Admin&c=Menu&a=index&p=4
INFO: [ app_init ] --START--
INFO: Run Behavior\BuildLiteBehavior [ RunTime:0.000016s ]
INFO: [ app_init ] --END-- [ RunTime:0.001194s ]
INFO: [ app_begin ] --START--
INFO: Run Behavior\ReadHtmlCacheBehavior [ RunTime:0.000740s ]
INFO: [ app_begin ] --END-- [ RunTime:0.000789s ]
NOTIC: [2048] Declaration of Admin\Controller\MenuController::setStatus() should be compatible with Admin\Controller\CommonController::setStatus($data, $models) D:\appserv\www\Application\Admin\Controller\MenuController.class.php ç¬¬ 9 è¡Œ.
NOTIC: [2048] Declaration of Admin\Controller\MenuController::listorder() should be compatible with Admin\Controller\CommonController::listorder($model = '') D:\appserv\www\Application\Admin\Controller\MenuController.class.php ç¬¬ 9 è¡Œ.
NOTIC: [8] Undefined index: pageSize D:\appserv\www\Application\Admin\Controller\MenuController.class.php ç¬¬ 52 è¡Œ.
NOTIC: [2048] Declaration of Common\Model\MenuModel::find() should be compatible with Think\Model::find($options = Array) D:\appserv\www\Application\Common\Model\MenuModel.class.php ç¬¬ 5 è¡Œ.
SQL: SHOW COLUMNS FROM `cms_menu` [ RunTime:0.0007s ]
SQL: SELECT * FROM `cms_menu` WHERE `status` <> -1 ORDER BY listorder desc,menu_id desc LIMIT 9,3   [ RunTime:0.0004s ]
SQL: SELECT COUNT(*) AS tp_count FROM `cms_menu` WHERE `status` <> -1 LIMIT 1   [ RunTime:0.0003s ]
INFO: [ view_parse ] --START--
INFO: [ template_filter ] --START--
INFO: Run Behavior\ContentReplaceBehavior [ RunTime:0.000186s ]
INFO: [ template_filter ] --END-- [ RunTime:0.000315s ]
SQL: SELECT * FROM `cms_menu` WHERE `status` <> -1 AND `type` = 1 ORDER BY listorder desc,menu_id desc  [ RunTime:0.0012s ]
NOTIC: [8] Undefined index: a D:\appserv\www\Application\Common\Common\function.php ç¬¬ 33 è¡Œ.
NOTIC: [8] Undefined index: a D:\appserv\www\Application\Common\Common\function.php ç¬¬ 33 è¡Œ.
NOTIC: [8] Undefined index: a D:\appserv\www\Application\Common\Common\function.php ç¬¬ 33 è¡Œ.
NOTIC: [8] Undefined index: a D:\appserv\www\Application\Common\Common\function.php ç¬¬ 33 è¡Œ.
NOTIC: [8] Undefined index: a D:\appserv\www\Application\Common\Common\function.php ç¬¬ 33 è¡Œ.
NOTIC: [8] Undefined index: a D:\appserv\www\Application\Common\Common\function.php ç¬¬ 33 è¡Œ.
NOTIC: [8] Undefined index: a D:\appserv\www\Application\Common\Common\function.php ç¬¬ 33 è¡Œ.
NOTIC: [8] Undefined index: a D:\appserv\www\Application\Common\Common\function.php ç¬¬ 33 è¡Œ.
NOTIC: [8] Undefined variable: nav D:\appserv\www\Application\Runtime\Cache\Admin\b956215329b6f9aca22277599a4efdfc.php ç¬¬ 101 è¡Œ.
INFO: Run Behavior\ParseTemplateBehavior [ RunTime:0.036005s ]
INFO: [ view_parse ] --END-- [ RunTime:0.036173s ]
INFO: [ view_filter ] --START--
INFO: Run Behavior\WriteHtmlCacheBehavior [ RunTime:0.003914s ]
INFO: [ view_filter ] --END-- [ RunTime:0.004059s ]
INFO: [ app_end ] --START--
INFO: Run Behavior\ShowPageTraceBehavior [ RunTime:0.004748s ]
INFO: [ app_end ] --END-- [ RunTime:0.004951s ]

[ 2016-08-26T14:23:34+08:00 ] ::1 /admin.php?type=1&c=menu&a=index
INFO: [ app_init ] --START--
INFO: Run Behavior\BuildLiteBehavior [ RunTime:0.000015s ]
INFO: [ app_init ] --END-- [ RunTime:0.001344s ]
INFO: [ app_begin ] --START--
INFO: Run Behavior\ReadHtmlCacheBehavior [ RunTime:0.000906s ]
INFO: [ app_begin ] --END-- [ RunTime:0.000977s ]
NOTIC: [2048] Declaration of Admin\Controller\MenuController::setStatus() should be compatible with Admin\Controller\CommonController::setStatus($data, $models) D:\appserv\www\Application\Admin\Controller\MenuController.class.php ç¬¬ 9 è¡Œ.
NOTIC: [2048] Declaration of Admin\Controller\MenuController::listorder() should be compatible with Admin\Controller\CommonController::listorder($model = '') D:\appserv\www\Application\Admin\Controller\MenuController.class.php ç¬¬ 9 è¡Œ.
NOTIC: [8] Undefined index: p D:\appserv\www\Application\Admin\Controller\MenuController.class.php ç¬¬ 51 è¡Œ.
NOTIC: [8] Undefined index: pageSize D:\appserv\www\Application\Admin\Controller\MenuController.class.php ç¬¬ 52 è¡Œ.
NOTIC: [2048] Declaration of Common\Model\MenuModel::find() should be compatible with Think\Model::find($options = Array) D:\appserv\www\Application\Common\Model\MenuModel.class.php ç¬¬ 5 è¡Œ.
SQL: SHOW COLUMNS FROM `cms_menu` [ RunTime:0.0007s ]
SQL: SELECT * FROM `cms_menu` WHERE `type` = 1 AND `status` <> -1 ORDER BY listorder desc,menu_id desc LIMIT 0,3   [ RunTime:0.0005s ]
SQL: SELECT COUNT(*) AS tp_count FROM `cms_menu` WHERE `type` = 1 AND `status` <> -1 LIMIT 1   [ RunTime:0.0004s ]
INFO: [ view_parse ] --START--
INFO: [ template_filter ] --START--
INFO: Run Behavior\ContentReplaceBehavior [ RunTime:0.000054s ]
INFO: [ template_filter ] --END-- [ RunTime:0.000098s ]
SQL: SELECT * FROM `cms_menu` WHERE `status` <> -1 AND `type` = 1 ORDER BY listorder desc,menu_id desc  [ RunTime:0.0006s ]
NOTIC: [8] Undefined index: a D:\appserv\www\Application\Common\Common\function.php ç¬¬ 33 è¡Œ.
NOTIC: [8] Undefined index: a D:\appserv\www\Application\Common\Common\function.php ç¬¬ 33 è¡Œ.
NOTIC: [8] Undefined index: a D:\appserv\www\Application\Common\Common\function.php ç¬¬ 33 è¡Œ.
NOTIC: [8] Undefined index: a D:\appserv\www\Application\Common\Common\function.php ç¬¬ 33 è¡Œ.
NOTIC: [8] Undefined index: a D:\appserv\www\Application\Common\Common\function.php ç¬¬ 33 è¡Œ.
NOTIC: [8] Undefined index: a D:\appserv\www\Application\Common\Common\function.php ç¬¬ 33 è¡Œ.
NOTIC: [8] Undefined index: a D:\appserv\www\Application\Common\Common\function.php ç¬¬ 33 è¡Œ.
NOTIC: [8] Undefined index: a D:\appserv\www\Application\Common\Common\function.php ç¬¬ 33 è¡Œ.
NOTIC: [8] Undefined variable: nav D:\appserv\www\Application\Runtime\Cache\Admin\b956215329b6f9aca22277599a4efdfc.php ç¬¬ 101 è¡Œ.
INFO: Run Behavior\ParseTemplateBehavior [ RunTime:0.012473s ]
INFO: [ view_parse ] --END-- [ RunTime:0.012527s ]
INFO: [ view_filter ] --START--
INFO: Run Behavior\WriteHtmlCacheBehavior [ RunTime:0.001046s ]
INFO: [ view_filter ] --END-- [ RunTime:0.001087s ]
INFO: [ app_end ] --START--
INFO: Run Behavior\ShowPageTraceBehavior [ RunTime:0.001344s ]
INFO: [ app_end ] --END-- [ RunTime:0.001395s ]

