[ 2016-09-03T09:10:24+08:00 ] ::1 /
INFO: [ app_init ] --START--
INFO: Run Behavior\BuildLiteBehavior [ RunTime:0.000036s ]
INFO: [ app_init ] --END-- [ RunTime:0.017294s ]
INFO: [ app_begin ] --START--
INFO: Run Behavior\ReadHtmlCacheBehavior [ RunTime:0.011542s ]
INFO: [ app_begin ] --END-- [ RunTime:0.011706s ]
NOTIC: [2048] Declaration of Home\Controller\CommonController::error() should be compatible with Think\Controller::error($message = '', $jumpUrl = '', $ajax = false) D:\appserv\www\Application\Home\Controller\CommonController.class.php 第 24 行.
NOTIC: [2048] Declaration of Common\Model\NewsModel::find() should be compatible with Think\Model::find($options = Array) D:\appserv\www\Application\Common\Model\NewsModel.class.php 第 9 行.
SQL: SHOW COLUMNS FROM `cms_news` [ RunTime:0.1124s ]
SQL: SELECT * FROM `cms_news` WHERE `status` = 1 ORDER BY count desc,news_id desc  LIMIT 10   [ RunTime:0.1072s ]
NOTIC: [2048] Declaration of Common\Model\PositionContentModel::find() should be compatible with Think\Model::find($options = Array) D:\appserv\www\Application\Common\Model\PositionContentModel.class.php 第 89 行.
SQL: SHOW COLUMNS FROM `cms_position_content` [ RunTime:0.0025s ]
NOTIC: [8] Undefined index: title D:\appserv\www\Application\Common\Model\PositionContentModel.class.php 第 18 行.
SQL: SELECT * FROM `cms_position_content` WHERE `status` = 1 AND `position_id` = 2 ORDER BY listorder desc ,id desc LIMIT 3   [ RunTime:0.0091s ]
NOTIC: [8] Undefined index: title D:\appserv\www\Application\Common\Model\PositionContentModel.class.php 第 18 行.
SQL: SELECT * FROM `cms_position_content` WHERE `status` = 1 AND `position_id` = 3 ORDER BY listorder desc ,id desc LIMIT 3   [ RunTime:0.0009s ]
SQL: SELECT * FROM `cms_news` WHERE `status` = 1 AND `thumb` <> '' ORDER BY news_id desc LIMIT 30   [ RunTime:0.0018s ]
NOTIC: [8] Undefined index: title D:\appserv\www\Application\Common\Model\PositionContentModel.class.php 第 18 行.
SQL: SELECT * FROM `cms_position_content` WHERE `status` = 1 AND `position_id` = 5 ORDER BY listorder desc ,id desc LIMIT 2   [ RunTime:0.0009s ]
INFO: [ view_parse ] --START--
INFO: [ template_filter ] --START--
INFO: Run Behavior\ContentReplaceBehavior [ RunTime:0.051143s ]
INFO: [ template_filter ] --END-- [ RunTime:0.051316s ]
NOTIC: [2048] Declaration of Common\Model\BasicModel::save() should be compatible with Think\Model::save($data = '', $options = Array) D:\appserv\www\Application\Common\Model\BasicModel.class.php 第 30 行.
NOTIC: [2048] Declaration of Common\Model\BasicModel::select() should be compatible with Think\Model::select($options = Array) D:\appserv\www\Application\Common\Model\BasicModel.class.php 第 30 行.
NOTIC: [2048] Declaration of Common\Model\MenuModel::find() should be compatible with Think\Model::find($options = Array) D:\appserv\www\Application\Common\Model\MenuModel.class.php 第 92 行.
SQL: SHOW COLUMNS FROM `cms_menu` [ RunTime:0.0021s ]
SQL: SELECT * FROM `cms_menu` WHERE `status` = 1 AND `type` = 0 ORDER BY listorder desc,menu_id desc  [ RunTime:0.0090s ]
INFO: Run Behavior\ParseTemplateBehavior [ RunTime:0.268428s ]
INFO: [ view_parse ] --END-- [ RunTime:0.268573s ]
INFO: [ view_filter ] --START--
INFO: Run Behavior\WriteHtmlCacheBehavior [ RunTime:0.031702s ]
INFO: [ view_filter ] --END-- [ RunTime:0.031793s ]
INFO: [ app_end ] --START--
INFO: Run Behavior\ShowPageTraceBehavior [ RunTime:0.023182s ]
INFO: [ app_end ] --END-- [ RunTime:0.023319s ]

[ 2016-09-03T09:10:24+08:00 ] ::1 /index.php?c=index&a=getCount
INFO: [ app_init ] --START--
INFO: Run Behavior\BuildLiteBehavior [ RunTime:0.000024s ]
INFO: [ app_init ] --END-- [ RunTime:0.001292s ]
INFO: [ app_begin ] --START--
INFO: Run Behavior\ReadHtmlCacheBehavior [ RunTime:0.001081s ]
INFO: [ app_begin ] --END-- [ RunTime:0.001167s ]
NOTIC: [2048] Declaration of Home\Controller\CommonController::error() should be compatible with Think\Controller::error($message = '', $jumpUrl = '', $ajax = false) D:\appserv\www\Application\Home\Controller\CommonController.class.php 第 24 行.
NOTIC: [2048] Declaration of Common\Model\NewsModel::find() should be compatible with Think\Model::find($options = Array) D:\appserv\www\Application\Common\Model\NewsModel.class.php 第 9 行.
SQL: SHOW COLUMNS FROM `cms_news` [ RunTime:0.0013s ]
SQL: SELECT * FROM `cms_news` WHERE `news_id` IN ('28','31','30','29','27','26','25')  [ RunTime:0.0364s ]

[ 2016-09-03T09:11:10+08:00 ] ::1 /index.php?c=detail&id=28
INFO: [ app_init ] --START--
INFO: Run Behavior\BuildLiteBehavior [ RunTime:0.000014s ]
INFO: [ app_init ] --END-- [ RunTime:0.000755s ]
INFO: [ app_begin ] --START--
INFO: Run Behavior\ReadHtmlCacheBehavior [ RunTime:0.000718s ]
INFO: [ app_begin ] --END-- [ RunTime:0.000774s ]
NOTIC: [2048] Declaration of Home\Controller\CommonController::error() should be compatible with Think\Controller::error($message = '', $jumpUrl = '', $ajax = false) D:\appserv\www\Application\Home\Controller\CommonController.class.php 第 24 行.
NOTIC: [2048] Declaration of Common\Model\NewsModel::find() should be compatible with Think\Model::find($options = Array) D:\appserv\www\Application\Common\Model\NewsModel.class.php 第 9 行.
SQL: SHOW COLUMNS FROM `cms_news` [ RunTime:0.0009s ]
SQL: SELECT * FROM `cms_news` WHERE ( news_id=28 ) LIMIT 1   [ RunTime:0.0005s ]
SQL: UPDATE `cms_news` SET `count`='5' WHERE ( news_id=28 ) [ RunTime:0.0487s ]
NOTIC: [2048] Declaration of Common\Model\NewsContentModel::find() should be compatible with Think\Model::find($options = Array) D:\appserv\www\Application\Common\Model\NewsContentModel.class.php 第 46 行.
SQL: SHOW COLUMNS FROM `cms_news_content` [ RunTime:0.0014s ]
SQL: SELECT * FROM `cms_news_content` WHERE ( news_id=28 ) LIMIT 1   [ RunTime:0.0144s ]
NOTIC: [2048] Declaration of Common\Model\PositionContentModel::find() should be compatible with Think\Model::find($options = Array) D:\appserv\www\Application\Common\Model\PositionContentModel.class.php 第 89 行.
SQL: SHOW COLUMNS FROM `cms_position_content` [ RunTime:0.0009s ]
NOTIC: [8] Undefined index: title D:\appserv\www\Application\Common\Model\PositionContentModel.class.php 第 18 行.
SQL: SELECT * FROM `cms_position_content` WHERE `status` = 1 AND `position_id` = 5 ORDER BY listorder desc ,id desc LIMIT 2   [ RunTime:0.0004s ]
SQL: SELECT * FROM `cms_news` WHERE `status` = 1 ORDER BY count desc,news_id desc  LIMIT 10   [ RunTime:0.0005s ]
INFO: [ view_parse ] --START--
INFO: [ template_filter ] --START--
INFO: Run Behavior\ContentReplaceBehavior [ RunTime:0.000047s ]
INFO: [ template_filter ] --END-- [ RunTime:0.000095s ]
NOTIC: [2048] Declaration of Common\Model\BasicModel::save() should be compatible with Think\Model::save($data = '', $options = Array) D:\appserv\www\Application\Common\Model\BasicModel.class.php 第 30 行.
NOTIC: [2048] Declaration of Common\Model\BasicModel::select() should be compatible with Think\Model::select($options = Array) D:\appserv\www\Application\Common\Model\BasicModel.class.php 第 30 行.
NOTIC: [2048] Declaration of Common\Model\MenuModel::find() should be compatible with Think\Model::find($options = Array) D:\appserv\www\Application\Common\Model\MenuModel.class.php 第 92 行.
SQL: SHOW COLUMNS FROM `cms_menu` [ RunTime:0.0011s ]
SQL: SELECT * FROM `cms_menu` WHERE `status` = 1 AND `type` = 0 ORDER BY listorder desc,menu_id desc  [ RunTime:0.0006s ]
INFO: Run Behavior\ParseTemplateBehavior [ RunTime:0.017244s ]
INFO: [ view_parse ] --END-- [ RunTime:0.017295s ]
INFO: [ view_filter ] --START--
INFO: Run Behavior\WriteHtmlCacheBehavior [ RunTime:0.000980s ]
INFO: [ view_filter ] --END-- [ RunTime:0.001021s ]
INFO: [ app_end ] --START--
INFO: Run Behavior\ShowPageTraceBehavior [ RunTime:0.001551s ]
INFO: [ app_end ] --END-- [ RunTime:0.001622s ]

[ 2016-09-03T09:11:15+08:00 ] ::1 /
INFO: [ app_init ] --START--
INFO: Run Behavior\BuildLiteBehavior [ RunTime:0.000014s ]
INFO: [ app_init ] --END-- [ RunTime:0.000667s ]
INFO: [ app_begin ] --START--
INFO: Run Behavior\ReadHtmlCacheBehavior [ RunTime:0.000847s ]
INFO: [ app_begin ] --END-- [ RunTime:0.000909s ]
NOTIC: [2048] Declaration of Home\Controller\CommonController::error() should be compatible with Think\Controller::error($message = '', $jumpUrl = '', $ajax = false) D:\appserv\www\Application\Home\Controller\CommonController.class.php 第 24 行.
NOTIC: [2048] Declaration of Common\Model\NewsModel::find() should be compatible with Think\Model::find($options = Array) D:\appserv\www\Application\Common\Model\NewsModel.class.php 第 9 行.
SQL: SHOW COLUMNS FROM `cms_news` [ RunTime:0.0011s ]
SQL: SELECT * FROM `cms_news` WHERE `status` = 1 ORDER BY count desc,news_id desc  LIMIT 10   [ RunTime:0.0008s ]
NOTIC: [2048] Declaration of Common\Model\PositionContentModel::find() should be compatible with Think\Model::find($options = Array) D:\appserv\www\Application\Common\Model\PositionContentModel.class.php 第 89 行.
SQL: SHOW COLUMNS FROM `cms_position_content` [ RunTime:0.0008s ]
NOTIC: [8] Undefined index: title D:\appserv\www\Application\Common\Model\PositionContentModel.class.php 第 18 行.
SQL: SELECT * FROM `cms_position_content` WHERE `status` = 1 AND `position_id` = 2 ORDER BY listorder desc ,id desc LIMIT 3   [ RunTime:0.0004s ]
NOTIC: [8] Undefined index: title D:\appserv\www\Application\Common\Model\PositionContentModel.class.php 第 18 行.
SQL: SELECT * FROM `cms_position_content` WHERE `status` = 1 AND `position_id` = 3 ORDER BY listorder desc ,id desc LIMIT 3   [ RunTime:0.0004s ]
SQL: SELECT * FROM `cms_news` WHERE `status` = 1 AND `thumb` <> '' ORDER BY news_id desc LIMIT 30   [ RunTime:0.0005s ]
NOTIC: [8] Undefined index: title D:\appserv\www\Application\Common\Model\PositionContentModel.class.php 第 18 行.
SQL: SELECT * FROM `cms_position_content` WHERE `status` = 1 AND `position_id` = 5 ORDER BY listorder desc ,id desc LIMIT 2   [ RunTime:0.0003s ]
INFO: [ view_parse ] --START--
INFO: [ template_filter ] --START--
INFO: Run Behavior\ContentReplaceBehavior [ RunTime:0.000067s ]
INFO: [ template_filter ] --END-- [ RunTime:0.000114s ]
NOTIC: [2048] Declaration of Common\Model\BasicModel::save() should be compatible with Think\Model::save($data = '', $options = Array) D:\appserv\www\Application\Common\Model\BasicModel.class.php 第 30 行.
NOTIC: [2048] Declaration of Common\Model\BasicModel::select() should be compatible with Think\Model::select($options = Array) D:\appserv\www\Application\Common\Model\BasicModel.class.php 第 30 行.
NOTIC: [2048] Declaration of Common\Model\MenuModel::find() should be compatible with Think\Model::find($options = Array) D:\appserv\www\Application\Common\Model\MenuModel.class.php 第 92 行.
SQL: SHOW COLUMNS FROM `cms_menu` [ RunTime:0.0011s ]
SQL: SELECT * FROM `cms_menu` WHERE `status` = 1 AND `type` = 0 ORDER BY listorder desc,menu_id desc  [ RunTime:0.0005s ]
INFO: Run Behavior\ParseTemplateBehavior [ RunTime:0.020417s ]
INFO: [ view_parse ] --END-- [ RunTime:0.020469s ]
INFO: [ view_filter ] --START--
INFO: Run Behavior\WriteHtmlCacheBehavior [ RunTime:0.001093s ]
INFO: [ view_filter ] --END-- [ RunTime:0.001155s ]
INFO: [ app_end ] --START--
INFO: Run Behavior\ShowPageTraceBehavior [ RunTime:0.001915s ]
INFO: [ app_end ] --END-- [ RunTime:0.002016s ]

[ 2016-09-03T09:11:15+08:00 ] ::1 /index.php?c=index&a=getCount
INFO: [ app_init ] --START--
INFO: Run Behavior\BuildLiteBehavior [ RunTime:0.000023s ]
INFO: [ app_init ] --END-- [ RunTime:0.001091s ]
INFO: [ app_begin ] --START--
INFO: Run Behavior\ReadHtmlCacheBehavior [ RunTime:0.001091s ]
INFO: [ app_begin ] --END-- [ RunTime:0.001181s ]
NOTIC: [2048] Declaration of Home\Controller\CommonController::error() should be compatible with Think\Controller::error($message = '', $jumpUrl = '', $ajax = false) D:\appserv\www\Application\Home\Controller\CommonController.class.php 第 24 行.
NOTIC: [2048] Declaration of Common\Model\NewsModel::find() should be compatible with Think\Model::find($options = Array) D:\appserv\www\Application\Common\Model\NewsModel.class.php 第 9 行.
SQL: SHOW COLUMNS FROM `cms_news` [ RunTime:0.0015s ]
SQL: SELECT * FROM `cms_news` WHERE `news_id` IN ('28','31','30','29','27','26','25')  [ RunTime:0.0007s ]

[ 2016-09-03T09:14:18+08:00 ] ::1 /
INFO: [ app_init ] --START--
INFO: Run Behavior\BuildLiteBehavior [ RunTime:0.000027s ]
INFO: [ app_init ] --END-- [ RunTime:0.001595s ]
INFO: [ app_begin ] --START--
INFO: Run Behavior\ReadHtmlCacheBehavior [ RunTime:0.000929s ]
INFO: [ app_begin ] --END-- [ RunTime:0.000975s ]
NOTIC: [2048] Declaration of Home\Controller\CommonController::error() should be compatible with Think\Controller::error($message = '', $jumpUrl = '', $ajax = false) D:\appserv\www\Application\Home\Controller\CommonController.class.php 第 24 行.
NOTIC: [2048] Declaration of Common\Model\NewsModel::find() should be compatible with Think\Model::find($options = Array) D:\appserv\www\Application\Common\Model\NewsModel.class.php 第 9 行.
SQL: SHOW COLUMNS FROM `cms_news` [ RunTime:0.0013s ]
SQL: SELECT * FROM `cms_news` WHERE `status` = 1 ORDER BY count desc,news_id desc  LIMIT 10   [ RunTime:0.0007s ]
NOTIC: [2048] Declaration of Common\Model\PositionContentModel::find() should be compatible with Think\Model::find($options = Array) D:\appserv\www\Application\Common\Model\PositionContentModel.class.php 第 89 行.
SQL: SHOW COLUMNS FROM `cms_position_content` [ RunTime:0.0009s ]
NOTIC: [8] Undefined index: title D:\appserv\www\Application\Common\Model\PositionContentModel.class.php 第 18 行.
SQL: SELECT * FROM `cms_position_content` WHERE `status` = 1 AND `position_id` = 2 ORDER BY listorder desc ,id desc LIMIT 3   [ RunTime:0.0005s ]
NOTIC: [8] Undefined index: title D:\appserv\www\Application\Common\Model\PositionContentModel.class.php 第 18 行.
SQL: SELECT * FROM `cms_position_content` WHERE `status` = 1 AND `position_id` = 3 ORDER BY listorder desc ,id desc LIMIT 3   [ RunTime:0.0005s ]
SQL: SELECT * FROM `cms_news` WHERE `status` = 1 AND `thumb` <> '' ORDER BY news_id desc LIMIT 30   [ RunTime:0.0005s ]
NOTIC: [8] Undefined index: title D:\appserv\www\Application\Common\Model\PositionContentModel.class.php 第 18 行.
SQL: SELECT * FROM `cms_position_content` WHERE `status` = 1 AND `position_id` = 5 ORDER BY listorder desc ,id desc LIMIT 2   [ RunTime:0.0003s ]
INFO: [ view_parse ] --START--
INFO: [ template_filter ] --START--
INFO: Run Behavior\ContentReplaceBehavior [ RunTime:0.000061s ]
INFO: [ template_filter ] --END-- [ RunTime:0.000099s ]
NOTIC: [2048] Declaration of Common\Model\BasicModel::save() should be compatible with Think\Model::save($data = '', $options = Array) D:\appserv\www\Application\Common\Model\BasicModel.class.php 第 30 行.
NOTIC: [2048] Declaration of Common\Model\BasicModel::select() should be compatible with Think\Model::select($options = Array) D:\appserv\www\Application\Common\Model\BasicModel.class.php 第 30 行.
NOTIC: [2048] Declaration of Common\Model\MenuModel::find() should be compatible with Think\Model::find($options = Array) D:\appserv\www\Application\Common\Model\MenuModel.class.php 第 92 行.
SQL: SHOW COLUMNS FROM `cms_menu` [ RunTime:0.0008s ]
SQL: SELECT * FROM `cms_menu` WHERE `status` = 1 AND `type` = 0 ORDER BY listorder desc,menu_id desc  [ RunTime:0.0004s ]
INFO: Run Behavior\ParseTemplateBehavior [ RunTime:0.019162s ]
INFO: [ view_parse ] --END-- [ RunTime:0.019218s ]
INFO: [ view_filter ] --START--
INFO: Run Behavior\WriteHtmlCacheBehavior [ RunTime:0.001118s ]
INFO: [ view_filter ] --END-- [ RunTime:0.001160s ]
INFO: [ app_end ] --START--
INFO: Run Behavior\ShowPageTraceBehavior [ RunTime:0.001183s ]
INFO: [ app_end ] --END-- [ RunTime:0.001235s ]

[ 2016-09-03T09:14:18+08:00 ] ::1 /index.php?c=index&a=getCount
INFO: [ app_init ] --START--
INFO: Run Behavior\BuildLiteBehavior [ RunTime:0.000012s ]
INFO: [ app_init ] --END-- [ RunTime:0.000610s ]
INFO: [ app_begin ] --START--
INFO: Run Behavior\ReadHtmlCacheBehavior [ RunTime:0.000682s ]
INFO: [ app_begin ] --END-- [ RunTime:0.000730s ]
NOTIC: [2048] Declaration of Home\Controller\CommonController::error() should be compatible with Think\Controller::error($message = '', $jumpUrl = '', $ajax = false) D:\appserv\www\Application\Home\Controller\CommonController.class.php 第 24 行.
NOTIC: [2048] Declaration of Common\Model\NewsModel::find() should be compatible with Think\Model::find($options = Array) D:\appserv\www\Application\Common\Model\NewsModel.class.php 第 9 行.
SQL: SHOW COLUMNS FROM `cms_news` [ RunTime:0.0010s ]
SQL: SELECT * FROM `cms_news` WHERE `news_id` IN ('28','26','25','31','30','29','27')  [ RunTime:0.0006s ]

[ 2016-09-03T09:23:41+08:00 ] ::1 /
INFO: [ app_init ] --START--
INFO: Run Behavior\BuildLiteBehavior [ RunTime:0.000019s ]
INFO: [ app_init ] --END-- [ RunTime:0.000805s ]
INFO: [ app_begin ] --START--
INFO: Run Behavior\ReadHtmlCacheBehavior [ RunTime:0.001187s ]
INFO: [ app_begin ] --END-- [ RunTime:0.001288s ]
NOTIC: [2048] Declaration of Home\Controller\CommonController::error() should be compatible with Think\Controller::error($message = '', $jumpUrl = '', $ajax = false) D:\appserv\www\Application\Home\Controller\CommonController.class.php 第 24 行.
NOTIC: [2048] Declaration of Common\Model\NewsModel::find() should be compatible with Think\Model::find($options = Array) D:\appserv\www\Application\Common\Model\NewsModel.class.php 第 9 行.
SQL: SHOW COLUMNS FROM `cms_news` [ RunTime:0.0009s ]
SQL: SELECT * FROM `cms_news` WHERE `status` = 1 ORDER BY count desc,news_id desc  LIMIT 10   [ RunTime:0.0008s ]
NOTIC: [2048] Declaration of Common\Model\PositionContentModel::find() should be compatible with Think\Model::find($options = Array) D:\appserv\www\Application\Common\Model\PositionContentModel.class.php 第 89 行.
SQL: SHOW COLUMNS FROM `cms_position_content` [ RunTime:0.0011s ]
NOTIC: [8] Undefined index: title D:\appserv\www\Application\Common\Model\PositionContentModel.class.php 第 18 行.
SQL: SELECT * FROM `cms_position_content` WHERE `status` = 1 AND `position_id` = 2 ORDER BY listorder desc ,id desc LIMIT 3   [ RunTime:0.0004s ]
NOTIC: [8] Undefined index: title D:\appserv\www\Application\Common\Model\PositionContentModel.class.php 第 18 行.
SQL: SELECT * FROM `cms_position_content` WHERE `status` = 1 AND `position_id` = 3 ORDER BY listorder desc ,id desc LIMIT 3   [ RunTime:0.0003s ]
SQL: SELECT * FROM `cms_news` WHERE `status` = 1 AND `thumb` <> '' ORDER BY news_id desc LIMIT 30   [ RunTime:0.0005s ]
NOTIC: [8] Undefined index: title D:\appserv\www\Application\Common\Model\PositionContentModel.class.php 第 18 行.
SQL: SELECT * FROM `cms_position_content` WHERE `status` = 1 AND `position_id` = 5 ORDER BY listorder desc ,id desc LIMIT 2   [ RunTime:0.0003s ]
INFO: [ view_parse ] --START--
INFO: [ template_filter ] --START--
INFO: Run Behavior\ContentReplaceBehavior [ RunTime:0.000070s ]
INFO: [ template_filter ] --END-- [ RunTime:0.000121s ]
NOTIC: [2048] Declaration of Common\Model\BasicModel::save() should be compatible with Think\Model::save($data = '', $options = Array) D:\appserv\www\Application\Common\Model\BasicModel.class.php 第 30 行.
NOTIC: [2048] Declaration of Common\Model\BasicModel::select() should be compatible with Think\Model::select($options = Array) D:\appserv\www\Application\Common\Model\BasicModel.class.php 第 30 行.
NOTIC: [2048] Declaration of Common\Model\MenuModel::find() should be compatible with Think\Model::find($options = Array) D:\appserv\www\Application\Common\Model\MenuModel.class.php 第 92 行.
SQL: SHOW COLUMNS FROM `cms_menu` [ RunTime:0.0009s ]
SQL: SELECT * FROM `cms_menu` WHERE `status` = 1 AND `type` = 0 ORDER BY listorder desc,menu_id desc  [ RunTime:0.0004s ]
INFO: Run Behavior\ParseTemplateBehavior [ RunTime:0.022699s ]
INFO: [ view_parse ] --END-- [ RunTime:0.022747s ]
INFO: [ view_filter ] --START--
INFO: Run Behavior\WriteHtmlCacheBehavior [ RunTime:0.000874s ]
INFO: [ view_filter ] --END-- [ RunTime:0.000917s ]
INFO: [ app_end ] --START--
INFO: Run Behavior\ShowPageTraceBehavior [ RunTime:0.001021s ]
INFO: [ app_end ] --END-- [ RunTime:0.001080s ]

[ 2016-09-03T09:24:17+08:00 ] ::1 /
INFO: [ app_init ] --START--
INFO: Run Behavior\BuildLiteBehavior [ RunTime:0.000012s ]
INFO: [ app_init ] --END-- [ RunTime:0.000664s ]
INFO: [ app_begin ] --START--
INFO: Run Behavior\ReadHtmlCacheBehavior [ RunTime:0.000693s ]
INFO: [ app_begin ] --END-- [ RunTime:0.000735s ]
NOTIC: [2048] Declaration of Home\Controller\CommonController::error() should be compatible with Think\Controller::error($message = '', $jumpUrl = '', $ajax = false) D:\appserv\www\Application\Home\Controller\CommonController.class.php 第 24 行.
NOTIC: [2048] Declaration of Common\Model\NewsModel::find() should be compatible with Think\Model::find($options = Array) D:\appserv\www\Application\Common\Model\NewsModel.class.php 第 9 行.
SQL: SHOW COLUMNS FROM `cms_news` [ RunTime:0.0009s ]
SQL: SELECT * FROM `cms_news` WHERE `status` = 1 ORDER BY count desc,news_id desc  LIMIT 10   [ RunTime:0.0007s ]
NOTIC: [2048] Declaration of Common\Model\PositionContentModel::find() should be compatible with Think\Model::find($options = Array) D:\appserv\www\Application\Common\Model\PositionContentModel.class.php 第 89 行.
SQL: SHOW COLUMNS FROM `cms_position_content` [ RunTime:0.0009s ]
NOTIC: [8] Undefined index: title D:\appserv\www\Application\Common\Model\PositionContentModel.class.php 第 18 行.
SQL: SELECT * FROM `cms_position_content` WHERE `status` = 1 AND `position_id` = 2 ORDER BY listorder desc ,id desc LIMIT 3   [ RunTime:0.0005s ]
NOTIC: [8] Undefined index: title D:\appserv\www\Application\Common\Model\PositionContentModel.class.php 第 18 行.
SQL: SELECT * FROM `cms_position_content` WHERE `status` = 1 AND `position_id` = 3 ORDER BY listorder desc ,id desc LIMIT 3   [ RunTime:0.0005s ]
SQL: SELECT * FROM `cms_news` WHERE `status` = 1 AND `thumb` <> '' ORDER BY news_id desc LIMIT 30   [ RunTime:0.0006s ]
NOTIC: [8] Undefined index: title D:\appserv\www\Application\Common\Model\PositionContentModel.class.php 第 18 行.
SQL: SELECT * FROM `cms_position_content` WHERE `status` = 1 AND `position_id` = 5 ORDER BY listorder desc ,id desc LIMIT 2   [ RunTime:0.0004s ]
INFO: [ view_parse ] --START--
INFO: [ template_filter ] --START--
INFO: Run Behavior\ContentReplaceBehavior [ RunTime:0.000122s ]
INFO: [ template_filter ] --END-- [ RunTime:0.000257s ]
NOTIC: [2048] Declaration of Common\Model\BasicModel::save() should be compatible with Think\Model::save($data = '', $options = Array) D:\appserv\www\Application\Common\Model\BasicModel.class.php 第 30 行.
NOTIC: [2048] Declaration of Common\Model\BasicModel::select() should be compatible with Think\Model::select($options = Array) D:\appserv\www\Application\Common\Model\BasicModel.class.php 第 30 行.
NOTIC: [2048] Declaration of Common\Model\MenuModel::find() should be compatible with Think\Model::find($options = Array) D:\appserv\www\Application\Common\Model\MenuModel.class.php 第 92 行.
SQL: SHOW COLUMNS FROM `cms_menu` [ RunTime:0.0009s ]
SQL: SELECT * FROM `cms_menu` WHERE `status` = 1 AND `type` = 0 ORDER BY listorder desc,menu_id desc  [ RunTime:0.0004s ]
INFO: Run Behavior\ParseTemplateBehavior [ RunTime:0.018793s ]
INFO: [ view_parse ] --END-- [ RunTime:0.018844s ]
INFO: [ view_filter ] --START--
INFO: Run Behavior\WriteHtmlCacheBehavior [ RunTime:0.000772s ]
INFO: [ view_filter ] --END-- [ RunTime:0.000818s ]
INFO: [ app_end ] --START--
INFO: Run Behavior\ShowPageTraceBehavior [ RunTime:0.001061s ]
INFO: [ app_end ] --END-- [ RunTime:0.001126s ]

[ 2016-09-03T09:24:18+08:00 ] ::1 /index.php?c=index&a=getCount
INFO: [ app_init ] --START--
INFO: Run Behavior\BuildLiteBehavior [ RunTime:0.000016s ]
INFO: [ app_init ] --END-- [ RunTime:0.000671s ]
INFO: [ app_begin ] --START--
INFO: Run Behavior\ReadHtmlCacheBehavior [ RunTime:0.000739s ]
INFO: [ app_begin ] --END-- [ RunTime:0.000801s ]
NOTIC: [2048] Declaration of Home\Controller\CommonController::error() should be compatible with Think\Controller::error($message = '', $jumpUrl = '', $ajax = false) D:\appserv\www\Application\Home\Controller\CommonController.class.php 第 24 行.
NOTIC: [2048] Declaration of Common\Model\NewsModel::find() should be compatible with Think\Model::find($options = Array) D:\appserv\www\Application\Common\Model\NewsModel.class.php 第 9 行.
SQL: SHOW COLUMNS FROM `cms_news` [ RunTime:0.0016s ]
SQL: SELECT * FROM `cms_news` WHERE `news_id` IN ('28','26','25','31','30','29','27')  [ RunTime:0.0007s ]

[ 2016-09-03T09:27:57+08:00 ] ::1 /
INFO: [ app_init ] --START--
INFO: Run Behavior\BuildLiteBehavior [ RunTime:0.000012s ]
INFO: [ app_init ] --END-- [ RunTime:0.000692s ]
INFO: [ app_begin ] --START--
INFO: Run Behavior\ReadHtmlCacheBehavior [ RunTime:0.001631s ]
INFO: [ app_begin ] --END-- [ RunTime:0.001693s ]
NOTIC: [2048] Declaration of Home\Controller\CommonController::error() should be compatible with Think\Controller::error($message = '', $jumpUrl = '', $ajax = false) D:\appserv\www\Application\Home\Controller\CommonController.class.php 第 24 行.
NOTIC: [2048] Declaration of Common\Model\NewsModel::find() should be compatible with Think\Model::find($options = Array) D:\appserv\www\Application\Common\Model\NewsModel.class.php 第 9 行.
SQL: SHOW COLUMNS FROM `cms_news` [ RunTime:0.0010s ]
SQL: SELECT * FROM `cms_news` WHERE `status` = 1 ORDER BY count desc,news_id desc  LIMIT 10   [ RunTime:0.0006s ]
NOTIC: [2048] Declaration of Common\Model\PositionContentModel::find() should be compatible with Think\Model::find($options = Array) D:\appserv\www\Application\Common\Model\PositionContentModel.class.php 第 89 行.
SQL: SHOW COLUMNS FROM `cms_position_content` [ RunTime:0.0007s ]
NOTIC: [8] Undefined index: title D:\appserv\www\Application\Common\Model\PositionContentModel.class.php 第 18 行.
SQL: SELECT * FROM `cms_position_content` WHERE `status` = 1 AND `position_id` = 2 ORDER BY listorder desc ,id desc LIMIT 3   [ RunTime:0.0006s ]
NOTIC: [8] Undefined index: title D:\appserv\www\Application\Common\Model\PositionContentModel.class.php 第 18 行.
SQL: SELECT * FROM `cms_position_content` WHERE `status` = 1 AND `position_id` = 3 ORDER BY listorder desc ,id desc LIMIT 3   [ RunTime:0.0006s ]
SQL: SELECT * FROM `cms_news` WHERE `status` = 1 AND `thumb` <> '' ORDER BY news_id desc LIMIT 30   [ RunTime:0.0006s ]
NOTIC: [8] Undefined index: title D:\appserv\www\Application\Common\Model\PositionContentModel.class.php 第 18 行.
SQL: SELECT * FROM `cms_position_content` WHERE `status` = 1 AND `position_id` = 5 ORDER BY listorder desc ,id desc LIMIT 2   [ RunTime:0.0004s ]
INFO: [ view_parse ] --START--
INFO: [ template_filter ] --START--
INFO: Run Behavior\ContentReplaceBehavior [ RunTime:0.000063s ]
INFO: [ template_filter ] --END-- [ RunTime:0.000106s ]
NOTIC: [2048] Declaration of Common\Model\BasicModel::save() should be compatible with Think\Model::save($data = '', $options = Array) D:\appserv\www\Application\Common\Model\BasicModel.class.php 第 30 行.
NOTIC: [2048] Declaration of Common\Model\BasicModel::select() should be compatible with Think\Model::select($options = Array) D:\appserv\www\Application\Common\Model\BasicModel.class.php 第 30 行.
NOTIC: [2048] Declaration of Common\Model\MenuModel::find() should be compatible with Think\Model::find($options = Array) D:\appserv\www\Application\Common\Model\MenuModel.class.php 第 92 行.
SQL: SHOW COLUMNS FROM `cms_menu` [ RunTime:0.0015s ]
SQL: SELECT * FROM `cms_menu` WHERE `status` = 1 AND `type` = 0 ORDER BY listorder desc,menu_id desc  [ RunTime:0.0005s ]
INFO: Run Behavior\ParseTemplateBehavior [ RunTime:0.019488s ]
INFO: [ view_parse ] --END-- [ RunTime:0.019537s ]
INFO: [ view_filter ] --START--
INFO: Run Behavior\WriteHtmlCacheBehavior [ RunTime:0.000928s ]
INFO: [ view_filter ] --END-- [ RunTime:0.000968s ]
INFO: [ app_end ] --START--
INFO: Run Behavior\ShowPageTraceBehavior [ RunTime:0.001241s ]
INFO: [ app_end ] --END-- [ RunTime:0.001300s ]

[ 2016-09-03T09:27:58+08:00 ] ::1 /index.php?c=index&a=getCount
INFO: [ app_init ] --START--
INFO: Run Behavior\BuildLiteBehavior [ RunTime:0.000015s ]
INFO: [ app_init ] --END-- [ RunTime:0.000657s ]
INFO: [ app_begin ] --START--
INFO: Run Behavior\ReadHtmlCacheBehavior [ RunTime:0.000793s ]
INFO: [ app_begin ] --END-- [ RunTime:0.000862s ]
NOTIC: [2048] Declaration of Home\Controller\CommonController::error() should be compatible with Think\Controller::error($message = '', $jumpUrl = '', $ajax = false) D:\appserv\www\Application\Home\Controller\CommonController.class.php 第 24 行.
NOTIC: [2048] Declaration of Common\Model\NewsModel::find() should be compatible with Think\Model::find($options = Array) D:\appserv\www\Application\Common\Model\NewsModel.class.php 第 9 行.
SQL: SHOW COLUMNS FROM `cms_news` [ RunTime:0.0011s ]
SQL: SELECT * FROM `cms_news` WHERE `news_id` IN ('28','26','25','31','30','29','27')  [ RunTime:0.0005s ]

[ 2016-09-03T09:28:31+08:00 ] ::1 /
INFO: [ app_init ] --START--
INFO: Run Behavior\BuildLiteBehavior [ RunTime:0.000017s ]
INFO: [ app_init ] --END-- [ RunTime:0.001131s ]
INFO: [ app_begin ] --START--
INFO: Run Behavior\ReadHtmlCacheBehavior [ RunTime:0.001003s ]
INFO: [ app_begin ] --END-- [ RunTime:0.001056s ]
NOTIC: [2048] Declaration of Home\Controller\CommonController::error() should be compatible with Think\Controller::error($message = '', $jumpUrl = '', $ajax = false) D:\appserv\www\Application\Home\Controller\CommonController.class.php 第 24 行.
NOTIC: [2048] Declaration of Common\Model\NewsModel::find() should be compatible with Think\Model::find($options = Array) D:\appserv\www\Application\Common\Model\NewsModel.class.php 第 9 行.
SQL: SHOW COLUMNS FROM `cms_news` [ RunTime:0.0010s ]
SQL: SELECT * FROM `cms_news` WHERE `status` = 1 ORDER BY count desc,news_id desc  LIMIT 10   [ RunTime:0.0006s ]
NOTIC: [2048] Declaration of Common\Model\PositionContentModel::find() should be compatible with Think\Model::find($options = Array) D:\appserv\www\Application\Common\Model\PositionContentModel.class.php 第 89 行.
SQL: SHOW COLUMNS FROM `cms_position_content` [ RunTime:0.0015s ]
NOTIC: [8] Undefined index: title D:\appserv\www\Application\Common\Model\PositionContentModel.class.php 第 18 行.
SQL: SELECT * FROM `cms_position_content` WHERE `status` = 1 AND `position_id` = 2 ORDER BY listorder desc ,id desc LIMIT 3   [ RunTime:0.0006s ]
NOTIC: [8] Undefined index: title D:\appserv\www\Application\Common\Model\PositionContentModel.class.php 第 18 行.
SQL: SELECT * FROM `cms_position_content` WHERE `status` = 1 AND `position_id` = 3 ORDER BY listorder desc ,id desc LIMIT 3   [ RunTime:0.0005s ]
SQL: SELECT * FROM `cms_news` WHERE `status` = 1 AND `thumb` <> '' ORDER BY news_id desc LIMIT 30   [ RunTime:0.0007s ]
NOTIC: [8] Undefined index: title D:\appserv\www\Application\Common\Model\PositionContentModel.class.php 第 18 行.
SQL: SELECT * FROM `cms_position_content` WHERE `status` = 1 AND `position_id` = 5 ORDER BY listorder desc ,id desc LIMIT 2   [ RunTime:0.0005s ]
INFO: [ view_parse ] --START--
INFO: [ template_filter ] --START--
INFO: Run Behavior\ContentReplaceBehavior [ RunTime:0.000106s ]
INFO: [ template_filter ] --END-- [ RunTime:0.000176s ]
NOTIC: [2048] Declaration of Common\Model\BasicModel::save() should be compatible with Think\Model::save($data = '', $options = Array) D:\appserv\www\Application\Common\Model\BasicModel.class.php 第 30 行.
NOTIC: [2048] Declaration of Common\Model\BasicModel::select() should be compatible with Think\Model::select($options = Array) D:\appserv\www\Application\Common\Model\BasicModel.class.php 第 30 行.
NOTIC: [2048] Declaration of Common\Model\MenuModel::find() should be compatible with Think\Model::find($options = Array) D:\appserv\www\Application\Common\Model\MenuModel.class.php 第 92 行.
SQL: SHOW COLUMNS FROM `cms_menu` [ RunTime:0.0012s ]
SQL: SELECT * FROM `cms_menu` WHERE `status` = 1 AND `type` = 0 ORDER BY listorder desc,menu_id desc  [ RunTime:0.0007s ]
INFO: Run Behavior\ParseTemplateBehavior [ RunTime:0.026983s ]
INFO: [ view_parse ] --END-- [ RunTime:0.027045s ]
INFO: [ view_filter ] --START--
INFO: Run Behavior\WriteHtmlCacheBehavior [ RunTime:0.000932s ]
INFO: [ view_filter ] --END-- [ RunTime:0.000992s ]
INFO: [ app_end ] --START--
INFO: Run Behavior\ShowPageTraceBehavior [ RunTime:0.001446s ]
INFO: [ app_end ] --END-- [ RunTime:0.001532s ]

[ 2016-09-03T09:28:32+08:00 ] ::1 /index.php?c=index&a=getCount
INFO: [ app_init ] --START--
INFO: Run Behavior\BuildLiteBehavior [ RunTime:0.000032s ]
INFO: [ app_init ] --END-- [ RunTime:0.001327s ]
INFO: [ app_begin ] --START--
INFO: Run Behavior\ReadHtmlCacheBehavior [ RunTime:0.001195s ]
INFO: [ app_begin ] --END-- [ RunTime:0.001286s ]
NOTIC: [2048] Declaration of Home\Controller\CommonController::error() should be compatible with Think\Controller::error($message = '', $jumpUrl = '', $ajax = false) D:\appserv\www\Application\Home\Controller\CommonController.class.php 第 24 行.
NOTIC: [2048] Declaration of Common\Model\NewsModel::find() should be compatible with Think\Model::find($options = Array) D:\appserv\www\Application\Common\Model\NewsModel.class.php 第 9 行.
SQL: SHOW COLUMNS FROM `cms_news` [ RunTime:0.0013s ]
SQL: SELECT * FROM `cms_news` WHERE `news_id` IN ('28','26','25','31','30','29','27')  [ RunTime:0.0008s ]

[ 2016-09-03T09:28:48+08:00 ] ::1 /index.php?c=cat&id=18
INFO: [ app_init ] --START--
INFO: Run Behavior\BuildLiteBehavior [ RunTime:0.000039s ]
INFO: [ app_init ] --END-- [ RunTime:0.001859s ]
INFO: [ app_begin ] --START--
INFO: Run Behavior\ReadHtmlCacheBehavior [ RunTime:0.002170s ]
INFO: [ app_begin ] --END-- [ RunTime:0.002328s ]
NOTIC: [2048] Declaration of Home\Controller\CommonController::error() should be compatible with Think\Controller::error($message = '', $jumpUrl = '', $ajax = false) D:\appserv\www\Application\Home\Controller\CommonController.class.php 第 24 行.
NOTIC: [2048] Declaration of Common\Model\MenuModel::find() should be compatible with Think\Model::find($options = Array) D:\appserv\www\Application\Common\Model\MenuModel.class.php 第 5 行.
SQL: SHOW COLUMNS FROM `cms_menu` [ RunTime:0.0020s ]
SQL: SELECT * FROM `cms_menu` WHERE ( menu_id=18 ) LIMIT 1   [ RunTime:0.0011s ]
NOTIC: [2048] Declaration of Common\Model\PositionContentModel::find() should be compatible with Think\Model::find($options = Array) D:\appserv\www\Application\Common\Model\PositionContentModel.class.php 第 89 行.
SQL: SHOW COLUMNS FROM `cms_position_content` [ RunTime:0.0035s ]
NOTIC: [8] Undefined index: title D:\appserv\www\Application\Common\Model\PositionContentModel.class.php 第 18 行.
SQL: SELECT * FROM `cms_position_content` WHERE `status` = 1 AND `position_id` = 5 ORDER BY listorder desc ,id desc LIMIT 2   [ RunTime:0.0013s ]
NOTIC: [2048] Declaration of Common\Model\NewsModel::find() should be compatible with Think\Model::find($options = Array) D:\appserv\www\Application\Common\Model\NewsModel.class.php 第 145 行.
SQL: SHOW COLUMNS FROM `cms_news` [ RunTime:0.0020s ]
SQL: SELECT * FROM `cms_news` WHERE `status` = 1 ORDER BY count desc,news_id desc  LIMIT 10   [ RunTime:0.0014s ]
NOTIC: [8] Undefined index: p D:\appserv\www\Application\Home\Controller\CatController.class.php 第 18 行.
SQL: SELECT * FROM `cms_news` WHERE `status` <> -1 AND `thumb` <> '' AND `catid` = 18 ORDER BY listorder desc ,news_id desc LIMIT 0,20   [ RunTime:0.0011s ]
SQL: SELECT COUNT(*) AS tp_count FROM `cms_news` WHERE `status` <> -1 AND `thumb` <> '' AND `catid` = 18 LIMIT 1   [ RunTime:0.0009s ]
INFO: [ view_parse ] --START--
INFO: [ template_filter ] --START--
INFO: Run Behavior\ContentReplaceBehavior [ RunTime:0.000145s ]
INFO: [ template_filter ] --END-- [ RunTime:0.000268s ]
NOTIC: [2048] Declaration of Common\Model\BasicModel::save() should be compatible with Think\Model::save($data = '', $options = Array) D:\appserv\www\Application\Common\Model\BasicModel.class.php 第 30 行.
NOTIC: [2048] Declaration of Common\Model\BasicModel::select() should be compatible with Think\Model::select($options = Array) D:\appserv\www\Application\Common\Model\BasicModel.class.php 第 30 行.
SQL: SELECT * FROM `cms_menu` WHERE `status` = 1 AND `type` = 0 ORDER BY listorder desc,menu_id desc  [ RunTime:0.0011s ]
INFO: Run Behavior\ParseTemplateBehavior [ RunTime:0.064303s ]
INFO: [ view_parse ] --END-- [ RunTime:0.064432s ]
INFO: [ view_filter ] --START--
INFO: Run Behavior\WriteHtmlCacheBehavior [ RunTime:0.001686s ]
INFO: [ view_filter ] --END-- [ RunTime:0.001800s ]
INFO: [ app_end ] --START--
INFO: Run Behavior\ShowPageTraceBehavior [ RunTime:0.002075s ]
INFO: [ app_end ] --END-- [ RunTime:0.002195s ]

[ 2016-09-03T09:31:12+08:00 ] ::1 /index.php?c=cat&id=18
INFO: [ app_init ] --START--
INFO: Run Behavior\BuildLiteBehavior [ RunTime:0.000012s ]
INFO: [ app_init ] --END-- [ RunTime:0.000712s ]
INFO: [ app_begin ] --START--
INFO: Run Behavior\ReadHtmlCacheBehavior [ RunTime:0.000891s ]
INFO: [ app_begin ] --END-- [ RunTime:0.000935s ]
NOTIC: [2048] Declaration of Home\Controller\CommonController::error() should be compatible with Think\Controller::error($message = '', $jumpUrl = '', $ajax = false) D:\appserv\www\Application\Home\Controller\CommonController.class.php 第 24 行.
NOTIC: [2048] Declaration of Common\Model\MenuModel::find() should be compatible with Think\Model::find($options = Array) D:\appserv\www\Application\Common\Model\MenuModel.class.php 第 5 行.
SQL: SHOW COLUMNS FROM `cms_menu` [ RunTime:0.0012s ]
SQL: SELECT * FROM `cms_menu` WHERE ( menu_id=18 ) LIMIT 1   [ RunTime:0.0006s ]
NOTIC: [2048] Declaration of Common\Model\PositionContentModel::find() should be compatible with Think\Model::find($options = Array) D:\appserv\www\Application\Common\Model\PositionContentModel.class.php 第 89 行.
SQL: SHOW COLUMNS FROM `cms_position_content` [ RunTime:0.0010s ]
NOTIC: [8] Undefined index: title D:\appserv\www\Application\Common\Model\PositionContentModel.class.php 第 18 行.
SQL: SELECT * FROM `cms_position_content` WHERE `status` = 1 AND `position_id` = 5 ORDER BY listorder desc ,id desc LIMIT 2   [ RunTime:0.0005s ]
NOTIC: [2048] Declaration of Common\Model\NewsModel::find() should be compatible with Think\Model::find($options = Array) D:\appserv\www\Application\Common\Model\NewsModel.class.php 第 145 行.
SQL: SHOW COLUMNS FROM `cms_news` [ RunTime:0.0010s ]
SQL: SELECT * FROM `cms_news` WHERE `status` = 1 ORDER BY count desc,news_id desc  LIMIT 10   [ RunTime:0.0008s ]
NOTIC: [8] Undefined index: p D:\appserv\www\Application\Home\Controller\CatController.class.php 第 18 行.
SQL: SELECT * FROM `cms_news` WHERE `status` <> -1 AND `thumb` <> '' AND `catid` = 18 ORDER BY listorder desc ,news_id desc LIMIT 0,20   [ RunTime:0.0006s ]
SQL: SELECT COUNT(*) AS tp_count FROM `cms_news` WHERE `status` <> -1 AND `thumb` <> '' AND `catid` = 18 LIMIT 1   [ RunTime:0.0005s ]
INFO: [ view_parse ] --START--
INFO: [ template_filter ] --START--
INFO: Run Behavior\ContentReplaceBehavior [ RunTime:0.000078s ]
INFO: [ template_filter ] --END-- [ RunTime:0.000145s ]
NOTIC: [2048] Declaration of Common\Model\BasicModel::save() should be compatible with Think\Model::save($data = '', $options = Array) D:\appserv\www\Application\Common\Model\BasicModel.class.php 第 30 行.
NOTIC: [2048] Declaration of Common\Model\BasicModel::select() should be compatible with Think\Model::select($options = Array) D:\appserv\www\Application\Common\Model\BasicModel.class.php 第 30 行.
SQL: SELECT * FROM `cms_menu` WHERE `status` = 1 AND `type` = 0 ORDER BY listorder desc,menu_id desc  [ RunTime:0.0008s ]
INFO: Run Behavior\ParseTemplateBehavior [ RunTime:0.023326s ]
INFO: [ view_parse ] --END-- [ RunTime:0.023393s ]
INFO: [ view_filter ] --START--
INFO: Run Behavior\WriteHtmlCacheBehavior [ RunTime:0.001470s ]
INFO: [ view_filter ] --END-- [ RunTime:0.001529s ]
INFO: [ app_end ] --START--
INFO: Run Behavior\ShowPageTraceBehavior [ RunTime:0.001650s ]
INFO: [ app_end ] --END-- [ RunTime:0.001711s ]

[ 2016-09-03T09:31:14+08:00 ] ::1 /index.php?c=detail&id=29
INFO: [ app_init ] --START--
INFO: Run Behavior\BuildLiteBehavior [ RunTime:0.000018s ]
INFO: [ app_init ] --END-- [ RunTime:0.000941s ]
INFO: [ app_begin ] --START--
INFO: Run Behavior\ReadHtmlCacheBehavior [ RunTime:0.001077s ]
INFO: [ app_begin ] --END-- [ RunTime:0.001161s ]
NOTIC: [2048] Declaration of Home\Controller\CommonController::error() should be compatible with Think\Controller::error($message = '', $jumpUrl = '', $ajax = false) D:\appserv\www\Application\Home\Controller\CommonController.class.php 第 24 行.
NOTIC: [2048] Declaration of Common\Model\NewsModel::find() should be compatible with Think\Model::find($options = Array) D:\appserv\www\Application\Common\Model\NewsModel.class.php 第 9 行.
SQL: SHOW COLUMNS FROM `cms_news` [ RunTime:0.0012s ]
SQL: SELECT * FROM `cms_news` WHERE ( news_id=29 ) LIMIT 1   [ RunTime:0.0015s ]
SQL: UPDATE `cms_news` SET `count`='1' WHERE ( news_id=29 ) [ RunTime:0.0008s ]
NOTIC: [2048] Declaration of Common\Model\NewsContentModel::find() should be compatible with Think\Model::find($options = Array) D:\appserv\www\Application\Common\Model\NewsContentModel.class.php 第 46 行.
SQL: SHOW COLUMNS FROM `cms_news_content` [ RunTime:0.0013s ]
SQL: SELECT * FROM `cms_news_content` WHERE ( news_id=29 ) LIMIT 1   [ RunTime:0.0226s ]
NOTIC: [2048] Declaration of Common\Model\PositionContentModel::find() should be compatible with Think\Model::find($options = Array) D:\appserv\www\Application\Common\Model\PositionContentModel.class.php 第 89 行.
SQL: SHOW COLUMNS FROM `cms_position_content` [ RunTime:0.0009s ]
NOTIC: [8] Undefined index: title D:\appserv\www\Application\Common\Model\PositionContentModel.class.php 第 18 行.
SQL: SELECT * FROM `cms_position_content` WHERE `status` = 1 AND `position_id` = 5 ORDER BY listorder desc ,id desc LIMIT 2   [ RunTime:0.0005s ]
SQL: SELECT * FROM `cms_news` WHERE `status` = 1 ORDER BY count desc,news_id desc  LIMIT 10   [ RunTime:0.0006s ]
INFO: [ view_parse ] --START--
INFO: [ template_filter ] --START--
INFO: Run Behavior\ContentReplaceBehavior [ RunTime:0.000063s ]
INFO: [ template_filter ] --END-- [ RunTime:0.000130s ]
NOTIC: [2048] Declaration of Common\Model\BasicModel::save() should be compatible with Think\Model::save($data = '', $options = Array) D:\appserv\www\Application\Common\Model\BasicModel.class.php 第 30 行.
NOTIC: [2048] Declaration of Common\Model\BasicModel::select() should be compatible with Think\Model::select($options = Array) D:\appserv\www\Application\Common\Model\BasicModel.class.php 第 30 行.
NOTIC: [2048] Declaration of Common\Model\MenuModel::find() should be compatible with Think\Model::find($options = Array) D:\appserv\www\Application\Common\Model\MenuModel.class.php 第 92 行.
SQL: SHOW COLUMNS FROM `cms_menu` [ RunTime:0.0011s ]
SQL: SELECT * FROM `cms_menu` WHERE `status` = 1 AND `type` = 0 ORDER BY listorder desc,menu_id desc  [ RunTime:0.0005s ]
INFO: Run Behavior\ParseTemplateBehavior [ RunTime:0.022065s ]
INFO: [ view_parse ] --END-- [ RunTime:0.022127s ]
INFO: [ view_filter ] --START--
INFO: Run Behavior\WriteHtmlCacheBehavior [ RunTime:0.001460s ]
INFO: [ view_filter ] --END-- [ RunTime:0.001550s ]
INFO: [ app_end ] --START--
INFO: Run Behavior\ShowPageTraceBehavior [ RunTime:0.002935s ]
INFO: [ app_end ] --END-- [ RunTime:0.003037s ]

[ 2016-09-03T09:31:18+08:00 ] ::1 /index.php?c=detail&id=29
INFO: [ app_init ] --START--
INFO: Run Behavior\BuildLiteBehavior [ RunTime:0.000025s ]
INFO: [ app_init ] --END-- [ RunTime:0.000848s ]
INFO: [ app_begin ] --START--
INFO: Run Behavior\ReadHtmlCacheBehavior [ RunTime:0.000818s ]
INFO: [ app_begin ] --END-- [ RunTime:0.000888s ]
NOTIC: [2048] Declaration of Home\Controller\CommonController::error() should be compatible with Think\Controller::error($message = '', $jumpUrl = '', $ajax = false) D:\appserv\www\Application\Home\Controller\CommonController.class.php 第 24 行.
NOTIC: [2048] Declaration of Common\Model\NewsModel::find() should be compatible with Think\Model::find($options = Array) D:\appserv\www\Application\Common\Model\NewsModel.class.php 第 9 行.
SQL: SHOW COLUMNS FROM `cms_news` [ RunTime:0.0007s ]
SQL: SELECT * FROM `cms_news` WHERE ( news_id=29 ) LIMIT 1   [ RunTime:0.0005s ]
SQL: UPDATE `cms_news` SET `count`='2' WHERE ( news_id=29 ) [ RunTime:0.0015s ]
NOTIC: [2048] Declaration of Common\Model\NewsContentModel::find() should be compatible with Think\Model::find($options = Array) D:\appserv\www\Application\Common\Model\NewsContentModel.class.php 第 46 行.
SQL: SHOW COLUMNS FROM `cms_news_content` [ RunTime:0.0009s ]
SQL: SELECT * FROM `cms_news_content` WHERE ( news_id=29 ) LIMIT 1   [ RunTime:0.0006s ]
NOTIC: [2048] Declaration of Common\Model\PositionContentModel::find() should be compatible with Think\Model::find($options = Array) D:\appserv\www\Application\Common\Model\PositionContentModel.class.php 第 89 行.
SQL: SHOW COLUMNS FROM `cms_position_content` [ RunTime:0.0008s ]
NOTIC: [8] Undefined index: title D:\appserv\www\Application\Common\Model\PositionContentModel.class.php 第 18 行.
SQL: SELECT * FROM `cms_position_content` WHERE `status` = 1 AND `position_id` = 5 ORDER BY listorder desc ,id desc LIMIT 2   [ RunTime:0.0004s ]
SQL: SELECT * FROM `cms_news` WHERE `status` = 1 ORDER BY count desc,news_id desc  LIMIT 10   [ RunTime:0.0005s ]
INFO: [ view_parse ] --START--
INFO: [ template_filter ] --START--
INFO: Run Behavior\ContentReplaceBehavior [ RunTime:0.000055s ]
INFO: [ template_filter ] --END-- [ RunTime:0.000102s ]
NOTIC: [2048] Declaration of Common\Model\BasicModel::save() should be compatible with Think\Model::save($data = '', $options = Array) D:\appserv\www\Application\Common\Model\BasicModel.class.php 第 30 行.
NOTIC: [2048] Declaration of Common\Model\BasicModel::select() should be compatible with Think\Model::select($options = Array) D:\appserv\www\Application\Common\Model\BasicModel.class.php 第 30 行.
NOTIC: [2048] Declaration of Common\Model\MenuModel::find() should be compatible with Think\Model::find($options = Array) D:\appserv\www\Application\Common\Model\MenuModel.class.php 第 92 行.
SQL: SHOW COLUMNS FROM `cms_menu` [ RunTime:0.0010s ]
SQL: SELECT * FROM `cms_menu` WHERE `status` = 1 AND `type` = 0 ORDER BY listorder desc,menu_id desc  [ RunTime:0.0004s ]
INFO: Run Behavior\ParseTemplateBehavior [ RunTime:0.015883s ]
INFO: [ view_parse ] --END-- [ RunTime:0.015944s ]
INFO: [ view_filter ] --START--
INFO: Run Behavior\WriteHtmlCacheBehavior [ RunTime:0.001304s ]
INFO: [ view_filter ] --END-- [ RunTime:0.001354s ]
INFO: [ app_end ] --START--
INFO: Run Behavior\ShowPageTraceBehavior [ RunTime:0.001065s ]
INFO: [ app_end ] --END-- [ RunTime:0.001109s ]

[ 2016-09-03T09:33:29+08:00 ] ::1 /index.php?c=detail&id=29
INFO: [ app_init ] --START--
INFO: Run Behavior\BuildLiteBehavior [ RunTime:0.000015s ]
INFO: [ app_init ] --END-- [ RunTime:0.000742s ]
INFO: [ app_begin ] --START--
INFO: Run Behavior\ReadHtmlCacheBehavior [ RunTime:0.001011s ]
INFO: [ app_begin ] --END-- [ RunTime:0.001078s ]
NOTIC: [2048] Declaration of Home\Controller\CommonController::error() should be compatible with Think\Controller::error($message = '', $jumpUrl = '', $ajax = false) D:\appserv\www\Application\Home\Controller\CommonController.class.php 第 24 行.
NOTIC: [2048] Declaration of Common\Model\NewsModel::find() should be compatible with Think\Model::find($options = Array) D:\appserv\www\Application\Common\Model\NewsModel.class.php 第 9 行.
SQL: SHOW COLUMNS FROM `cms_news` [ RunTime:0.0012s ]
SQL: SELECT * FROM `cms_news` WHERE ( news_id=29 ) LIMIT 1   [ RunTime:0.0004s ]
SQL: UPDATE `cms_news` SET `count`='3' WHERE ( news_id=29 ) [ RunTime:0.0003s ]
NOTIC: [2048] Declaration of Common\Model\NewsContentModel::find() should be compatible with Think\Model::find($options = Array) D:\appserv\www\Application\Common\Model\NewsContentModel.class.php 第 46 行.
SQL: SHOW COLUMNS FROM `cms_news_content` [ RunTime:0.0010s ]
SQL: SELECT * FROM `cms_news_content` WHERE ( news_id=29 ) LIMIT 1   [ RunTime:0.0007s ]
NOTIC: [2048] Declaration of Common\Model\PositionContentModel::find() should be compatible with Think\Model::find($options = Array) D:\appserv\www\Application\Common\Model\PositionContentModel.class.php 第 89 行.
SQL: SHOW COLUMNS FROM `cms_position_content` [ RunTime:0.0010s ]
NOTIC: [8] Undefined index: title D:\appserv\www\Application\Common\Model\PositionContentModel.class.php 第 18 行.
SQL: SELECT * FROM `cms_position_content` WHERE `status` = 1 AND `position_id` = 5 ORDER BY listorder desc ,id desc LIMIT 2   [ RunTime:0.0005s ]
SQL: SELECT * FROM `cms_news` WHERE `status` = 1 ORDER BY count desc,news_id desc  LIMIT 10   [ RunTime:0.0005s ]
INFO: [ view_parse ] --START--
INFO: [ template_filter ] --START--
INFO: Run Behavior\ContentReplaceBehavior [ RunTime:0.000048s ]
INFO: [ template_filter ] --END-- [ RunTime:0.000100s ]
NOTIC: [2048] Declaration of Common\Model\BasicModel::save() should be compatible with Think\Model::save($data = '', $options = Array) D:\appserv\www\Application\Common\Model\BasicModel.class.php 第 30 行.
NOTIC: [2048] Declaration of Common\Model\BasicModel::select() should be compatible with Think\Model::select($options = Array) D:\appserv\www\Application\Common\Model\BasicModel.class.php 第 30 行.
NOTIC: [2048] Declaration of Common\Model\MenuModel::find() should be compatible with Think\Model::find($options = Array) D:\appserv\www\Application\Common\Model\MenuModel.class.php 第 92 行.
SQL: SHOW COLUMNS FROM `cms_menu` [ RunTime:0.0011s ]
SQL: SELECT * FROM `cms_menu` WHERE `status` = 1 AND `type` = 0 ORDER BY listorder desc,menu_id desc  [ RunTime:0.0007s ]
INFO: Run Behavior\ParseTemplateBehavior [ RunTime:0.020286s ]
INFO: [ view_parse ] --END-- [ RunTime:0.020345s ]
INFO: [ view_filter ] --START--
INFO: Run Behavior\WriteHtmlCacheBehavior [ RunTime:0.001691s ]
INFO: [ view_filter ] --END-- [ RunTime:0.001772s ]
INFO: [ app_end ] --START--
INFO: Run Behavior\ShowPageTraceBehavior [ RunTime:0.001815s ]
INFO: [ app_end ] --END-- [ RunTime:0.001922s ]

[ 2016-09-03T09:33:37+08:00 ] ::1 /index.php?c=detail&id=29
INFO: [ app_init ] --START--
INFO: Run Behavior\BuildLiteBehavior [ RunTime:0.000011s ]
INFO: [ app_init ] --END-- [ RunTime:0.000677s ]
INFO: [ app_begin ] --START--
INFO: Run Behavior\ReadHtmlCacheBehavior [ RunTime:0.000940s ]
INFO: [ app_begin ] --END-- [ RunTime:0.000993s ]
NOTIC: [2048] Declaration of Home\Controller\CommonController::error() should be compatible with Think\Controller::error($message = '', $jumpUrl = '', $ajax = false) D:\appserv\www\Application\Home\Controller\CommonController.class.php 第 24 行.
NOTIC: [2048] Declaration of Common\Model\NewsModel::find() should be compatible with Think\Model::find($options = Array) D:\appserv\www\Application\Common\Model\NewsModel.class.php 第 9 行.
SQL: SHOW COLUMNS FROM `cms_news` [ RunTime:0.0007s ]
SQL: SELECT * FROM `cms_news` WHERE ( news_id=29 ) LIMIT 1   [ RunTime:0.0004s ]
SQL: UPDATE `cms_news` SET `count`='4' WHERE ( news_id=29 ) [ RunTime:0.0004s ]
NOTIC: [2048] Declaration of Common\Model\NewsContentModel::find() should be compatible with Think\Model::find($options = Array) D:\appserv\www\Application\Common\Model\NewsContentModel.class.php 第 46 行.
SQL: SHOW COLUMNS FROM `cms_news_content` [ RunTime:0.0012s ]
SQL: SELECT * FROM `cms_news_content` WHERE ( news_id=29 ) LIMIT 1   [ RunTime:0.0005s ]
NOTIC: [2048] Declaration of Common\Model\PositionContentModel::find() should be compatible with Think\Model::find($options = Array) D:\appserv\www\Application\Common\Model\PositionContentModel.class.php 第 89 行.
SQL: SHOW COLUMNS FROM `cms_position_content` [ RunTime:0.0007s ]
NOTIC: [8] Undefined index: title D:\appserv\www\Application\Common\Model\PositionContentModel.class.php 第 18 行.
SQL: SELECT * FROM `cms_position_content` WHERE `status` = 1 AND `position_id` = 5 ORDER BY listorder desc ,id desc LIMIT 2   [ RunTime:0.0004s ]
SQL: SELECT * FROM `cms_news` WHERE `status` = 1 ORDER BY count desc,news_id desc  LIMIT 10   [ RunTime:0.0005s ]
INFO: [ view_parse ] --START--
INFO: [ template_filter ] --START--
INFO: Run Behavior\ContentReplaceBehavior [ RunTime:0.000044s ]
INFO: [ template_filter ] --END-- [ RunTime:0.000088s ]
NOTIC: [2048] Declaration of Common\Model\BasicModel::save() should be compatible with Think\Model::save($data = '', $options = Array) D:\appserv\www\Application\Common\Model\BasicModel.class.php 第 30 行.
NOTIC: [2048] Declaration of Common\Model\BasicModel::select() should be compatible with Think\Model::select($options = Array) D:\appserv\www\Application\Common\Model\BasicModel.class.php 第 30 行.
NOTIC: [2048] Declaration of Common\Model\MenuModel::find() should be compatible with Think\Model::find($options = Array) D:\appserv\www\Application\Common\Model\MenuModel.class.php 第 92 行.
SQL: SHOW COLUMNS FROM `cms_menu` [ RunTime:0.0008s ]
SQL: SELECT * FROM `cms_menu` WHERE `status` = 1 AND `type` = 0 ORDER BY listorder desc,menu_id desc  [ RunTime:0.0004s ]
INFO: Run Behavior\ParseTemplateBehavior [ RunTime:0.014427s ]
INFO: [ view_parse ] --END-- [ RunTime:0.014495s ]
INFO: [ view_filter ] --START--
INFO: Run Behavior\WriteHtmlCacheBehavior [ RunTime:0.001771s ]
INFO: [ view_filter ] --END-- [ RunTime:0.001828s ]
INFO: [ app_end ] --START--
INFO: Run Behavior\ShowPageTraceBehavior [ RunTime:0.000933s ]
INFO: [ app_end ] --END-- [ RunTime:0.000975s ]

[ 2016-09-03T09:36:14+08:00 ] ::1 /index.php?c=detail&id=29
INFO: [ app_init ] --START--
INFO: Run Behavior\BuildLiteBehavior [ RunTime:0.000013s ]
INFO: [ app_init ] --END-- [ RunTime:0.000818s ]
INFO: [ app_begin ] --START--
INFO: Run Behavior\ReadHtmlCacheBehavior [ RunTime:0.000987s ]
INFO: [ app_begin ] --END-- [ RunTime:0.001037s ]
NOTIC: [2048] Declaration of Home\Controller\CommonController::error() should be compatible with Think\Controller::error($message = '', $jumpUrl = '', $ajax = false) D:\appserv\www\Application\Home\Controller\CommonController.class.php 第 24 行.
NOTIC: [2048] Declaration of Common\Model\NewsModel::find() should be compatible with Think\Model::find($options = Array) D:\appserv\www\Application\Common\Model\NewsModel.class.php 第 9 行.
SQL: SHOW COLUMNS FROM `cms_news` [ RunTime:0.0016s ]
SQL: SELECT * FROM `cms_news` WHERE ( news_id=29 ) LIMIT 1   [ RunTime:0.0005s ]
SQL: UPDATE `cms_news` SET `count`='5' WHERE ( news_id=29 ) [ RunTime:0.0004s ]
NOTIC: [2048] Declaration of Common\Model\NewsContentModel::find() should be compatible with Think\Model::find($options = Array) D:\appserv\www\Application\Common\Model\NewsContentModel.class.php 第 46 行.
SQL: SHOW COLUMNS FROM `cms_news_content` [ RunTime:0.0007s ]
SQL: SELECT * FROM `cms_news_content` WHERE ( news_id=29 ) LIMIT 1   [ RunTime:0.0004s ]
NOTIC: [2048] Declaration of Common\Model\PositionContentModel::find() should be compatible with Think\Model::find($options = Array) D:\appserv\www\Application\Common\Model\PositionContentModel.class.php 第 89 行.
SQL: SHOW COLUMNS FROM `cms_position_content` [ RunTime:0.0007s ]
NOTIC: [8] Undefined index: title D:\appserv\www\Application\Common\Model\PositionContentModel.class.php 第 18 行.
SQL: SELECT * FROM `cms_position_content` WHERE `status` = 1 AND `position_id` = 5 ORDER BY listorder desc ,id desc LIMIT 2   [ RunTime:0.0004s ]
SQL: SELECT * FROM `cms_news` WHERE `status` = 1 ORDER BY count desc,news_id desc  LIMIT 10   [ RunTime:0.0006s ]
INFO: [ view_parse ] --START--
INFO: [ template_filter ] --START--
INFO: Run Behavior\ContentReplaceBehavior [ RunTime:0.000072s ]
INFO: [ template_filter ] --END-- [ RunTime:0.000156s ]
NOTIC: [2048] Declaration of Common\Model\BasicModel::save() should be compatible with Think\Model::save($data = '', $options = Array) D:\appserv\www\Application\Common\Model\BasicModel.class.php 第 30 行.
NOTIC: [2048] Declaration of Common\Model\BasicModel::select() should be compatible with Think\Model::select($options = Array) D:\appserv\www\Application\Common\Model\BasicModel.class.php 第 30 行.
NOTIC: [2048] Declaration of Common\Model\MenuModel::find() should be compatible with Think\Model::find($options = Array) D:\appserv\www\Application\Common\Model\MenuModel.class.php 第 92 行.
SQL: SHOW COLUMNS FROM `cms_menu` [ RunTime:0.0007s ]
SQL: SELECT * FROM `cms_menu` WHERE `status` = 1 AND `type` = 0 ORDER BY listorder desc,menu_id desc  [ RunTime:0.0005s ]
INFO: Run Behavior\ParseTemplateBehavior [ RunTime:0.016201s ]
INFO: [ view_parse ] --END-- [ RunTime:0.016263s ]
INFO: [ view_filter ] --START--
INFO: Run Behavior\WriteHtmlCacheBehavior [ RunTime:0.001035s ]
INFO: [ view_filter ] --END-- [ RunTime:0.001080s ]
INFO: [ app_end ] --START--
INFO: Run Behavior\ShowPageTraceBehavior [ RunTime:0.001325s ]
INFO: [ app_end ] --END-- [ RunTime:0.001381s ]

[ 2016-09-03T10:59:25+08:00 ] ::1 /index.php?c=detail&id=28
INFO: [ app_init ] --START--
INFO: Run Behavior\BuildLiteBehavior [ RunTime:0.000021s ]
INFO: [ app_init ] --END-- [ RunTime:0.001519s ]
INFO: [ app_begin ] --START--
INFO: Run Behavior\ReadHtmlCacheBehavior [ RunTime:0.000784s ]
INFO: [ app_begin ] --END-- [ RunTime:0.000850s ]
NOTIC: [2048] Declaration of Home\Controller\CommonController::error() should be compatible with Think\Controller::error($message = '', $jumpUrl = '', $ajax = false) D:\appserv\www\Application\Home\Controller\CommonController.class.php 第 24 行.
NOTIC: [2048] Declaration of Common\Model\NewsModel::find() should be compatible with Think\Model::find($options = Array) D:\appserv\www\Application\Common\Model\NewsModel.class.php 第 9 行.
SQL: SHOW COLUMNS FROM `cms_news` [ RunTime:0.0012s ]
SQL: SELECT * FROM `cms_news` WHERE ( news_id=28 ) LIMIT 1   [ RunTime:0.0005s ]
SQL: UPDATE `cms_news` SET `count`='6' WHERE ( news_id=28 ) [ RunTime:0.0007s ]
NOTIC: [2048] Declaration of Common\Model\NewsContentModel::find() should be compatible with Think\Model::find($options = Array) D:\appserv\www\Application\Common\Model\NewsContentModel.class.php 第 46 行.
SQL: SHOW COLUMNS FROM `cms_news_content` [ RunTime:0.0014s ]
SQL: SELECT * FROM `cms_news_content` WHERE ( news_id=28 ) LIMIT 1   [ RunTime:0.0008s ]
NOTIC: [2048] Declaration of Common\Model\PositionContentModel::find() should be compatible with Think\Model::find($options = Array) D:\appserv\www\Application\Common\Model\PositionContentModel.class.php 第 89 行.
SQL: SHOW COLUMNS FROM `cms_position_content` [ RunTime:0.0010s ]
NOTIC: [8] Undefined index: title D:\appserv\www\Application\Common\Model\PositionContentModel.class.php 第 18 行.
SQL: SELECT * FROM `cms_position_content` WHERE `status` = 1 AND `position_id` = 5 ORDER BY listorder desc ,id desc LIMIT 2   [ RunTime:0.0004s ]
SQL: SELECT * FROM `cms_news` WHERE `status` = 1 ORDER BY count desc,news_id desc  LIMIT 10   [ RunTime:0.0005s ]
INFO: [ view_parse ] --START--
INFO: [ template_filter ] --START--
INFO: Run Behavior\ContentReplaceBehavior [ RunTime:0.000079s ]
INFO: [ template_filter ] --END-- [ RunTime:0.000142s ]
NOTIC: [2048] Declaration of Common\Model\BasicModel::save() should be compatible with Think\Model::save($data = '', $options = Array) D:\appserv\www\Application\Common\Model\BasicModel.class.php 第 30 行.
NOTIC: [2048] Declaration of Common\Model\BasicModel::select() should be compatible with Think\Model::select($options = Array) D:\appserv\www\Application\Common\Model\BasicModel.class.php 第 30 行.
NOTIC: [2048] Declaration of Common\Model\MenuModel::find() should be compatible with Think\Model::find($options = Array) D:\appserv\www\Application\Common\Model\MenuModel.class.php 第 92 行.
SQL: SHOW COLUMNS FROM `cms_menu` [ RunTime:0.0009s ]
SQL: SELECT * FROM `cms_menu` WHERE `status` = 1 AND `type` = 0 ORDER BY listorder desc,menu_id desc  [ RunTime:0.0004s ]
INFO: Run Behavior\ParseTemplateBehavior [ RunTime:0.018912s ]
INFO: [ view_parse ] --END-- [ RunTime:0.018963s ]
INFO: [ view_filter ] --START--
INFO: Run Behavior\WriteHtmlCacheBehavior [ RunTime:0.001015s ]
INFO: [ view_filter ] --END-- [ RunTime:0.001060s ]
INFO: [ app_end ] --START--
INFO: Run Behavior\ShowPageTraceBehavior [ RunTime:0.001334s ]
INFO: [ app_end ] --END-- [ RunTime:0.001425s ]

